{"C:\\Users\\abroa\\HealthIQ-AI-v5\\frontend\\app\\error.tsx": {"path":"C:\\Users\\abroa\\HealthIQ-AI-v5\\frontend\\app\\error.tsx","statementMap":{"0":{"start":{"line":3,"column":24},"end":{"line":3,"column":30}}},"fnMap":{"0":{"name":"Error","decl":{"start":{"line":3,"column":24},"end":{"line":3,"column":30}},"loc":{"start":{"line":9,"column":1},"end":{"line":26,"column":null}}}},"branchMap":{"0":{"loc":{"start":{"line":15,"column":11},"end":{"line":15,"column":null}},"type":"binary-expr","locations":[{"start":{"line":15,"column":11},"end":{"line":15,"column":24}},{"start":{"line":15,"column":28},"end":{"line":15,"column":null}}]}},"s":{"0":3},"f":{"0":12},"b":{"0":[12,0]}}
,"C:\\Users\\abroa\\HealthIQ-AI-v5\\frontend\\app\\loading.tsx": {"path":"C:\\Users\\abroa\\HealthIQ-AI-v5\\frontend\\app\\loading.tsx","statementMap":{"0":{"start":{"line":1,"column":24},"end":{"line":1,"column":null}}},"fnMap":{"0":{"name":"Loading","decl":{"start":{"line":1,"column":24},"end":{"line":1,"column":null}},"loc":{"start":{"line":1,"column":24},"end":{"line":7,"column":null}}}},"branchMap":{},"s":{"0":2},"f":{"0":2},"b":{}}
,"C:\\Users\\abroa\\HealthIQ-AI-v5\\frontend\\app\\not-found.tsx": {"path":"C:\\Users\\abroa\\HealthIQ-AI-v5\\frontend\\app\\not-found.tsx","statementMap":{"0":{"start":{"line":1,"column":24},"end":{"line":1,"column":null}}},"fnMap":{"0":{"name":"NotFound","decl":{"start":{"line":1,"column":24},"end":{"line":1,"column":null}},"loc":{"start":{"line":1,"column":24},"end":{"line":19,"column":null}}}},"branchMap":{},"s":{"0":3},"f":{"0":3},"b":{}}
,"C:\\Users\\abroa\\HealthIQ-AI-v5\\frontend\\app\\.storybook\\main.ts": {"path":"C:\\Users\\abroa\\HealthIQ-AI-v5\\frontend\\app\\.storybook\\main.ts","statementMap":{"0":{"start":{"line":22,"column":0},"end":{"line":22,"column":15}},"1":{"start":{"line":3,"column":32},"end":{"line":20,"column":null}},"2":{"start":{"line":22,"column":15},"end":{"line":22,"column":null}}},"fnMap":{},"branchMap":{},"s":{"0":0,"1":0,"2":0},"f":{},"b":{}}
,"C:\\Users\\abroa\\HealthIQ-AI-v5\\frontend\\app\\.storybook\\preview.ts": {"path":"C:\\Users\\abroa\\HealthIQ-AI-v5\\frontend\\app\\.storybook\\preview.ts","statementMap":{"0":{"start":{"line":16,"column":0},"end":{"line":16,"column":15}},"1":{"start":{"line":2,"column":7},"end":{"line":2,"column":null}},"2":{"start":{"line":4,"column":25},"end":{"line":14,"column":null}},"3":{"start":{"line":16,"column":15},"end":{"line":16,"column":null}}},"fnMap":{},"branchMap":{},"s":{"0":0,"1":0,"2":0,"3":0},"f":{},"b":{}}
,"C:\\Users\\abroa\\HealthIQ-AI-v5\\frontend\\app\\components\\DevApiProbe.tsx": {"path":"C:\\Users\\abroa\\HealthIQ-AI-v5\\frontend\\app\\components\\DevApiProbe.tsx","statementMap":{"0":{"start":{"line":9,"column":24},"end":{"line":9,"column":null}},"1":{"start":{"line":3,"column":18},"end":{"line":3,"column":null}},"2":{"start":{"line":4,"column":78},"end":{"line":4,"column":null}},"3":{"start":{"line":5,"column":33},"end":{"line":5,"column":null}},"4":{"start":{"line":6,"column":32},"end":{"line":6,"column":null}},"5":{"start":{"line":7,"column":27},"end":{"line":7,"column":null}},"6":{"start":{"line":10,"column":30},"end":{"line":10,"column":null}},"7":{"start":{"line":11,"column":26},"end":{"line":11,"column":null}},"8":{"start":{"line":12,"column":38},"end":{"line":12,"column":null}},"9":{"start":{"line":13,"column":16},"end":{"line":13,"column":null}},"10":{"start":{"line":16,"column":24},"end":{"line":16,"column":null}},"11":{"start":{"line":17,"column":23},"end":{"line":17,"column":null}},"12":{"start":{"line":18,"column":18},"end":{"line":18,"column":null}},"13":{"start":{"line":21,"column":4},"end":{"line":21,"column":null}},"14":{"start":{"line":21,"column":22},"end":{"line":21,"column":null}},"15":{"start":{"line":25,"column":4},"end":{"line":25,"column":null}},"16":{"start":{"line":26,"column":4},"end":{"line":33,"column":null}},"17":{"start":{"line":27,"column":19},"end":{"line":27,"column":null}},"18":{"start":{"line":28,"column":6},"end":{"line":28,"column":null}},"19":{"start":{"line":29,"column":6},"end":{"line":29,"column":null}},"20":{"start":{"line":31,"column":6},"end":{"line":31,"column":null}},"21":{"start":{"line":32,"column":6},"end":{"line":32,"column":null}},"22":{"start":{"line":37,"column":4},"end":{"line":37,"column":null}},"23":{"start":{"line":37,"column":23},"end":{"line":37,"column":null}},"24":{"start":{"line":38,"column":14},"end":{"line":38,"column":null}},"25":{"start":{"line":39,"column":4},"end":{"line":39,"column":null}},"26":{"start":{"line":40,"column":4},"end":{"line":40,"column":null}},"27":{"start":{"line":40,"column":22},"end":{"line":40,"column":null}},"28":{"start":{"line":41,"column":4},"end":{"line":41,"column":null}},"29":{"start":{"line":41,"column":24},"end":{"line":41,"column":null}},"30":{"start":{"line":42,"column":4},"end":{"line":53,"column":null}},"31":{"start":{"line":43,"column":6},"end":{"line":52,"column":null}},"32":{"start":{"line":44,"column":21},"end":{"line":44,"column":null}},"33":{"start":{"line":45,"column":8},"end":{"line":45,"column":null}},"34":{"start":{"line":46,"column":8},"end":{"line":49,"column":null}},"35":{"start":{"line":47,"column":10},"end":{"line":47,"column":null}},"36":{"start":{"line":48,"column":10},"end":{"line":48,"column":null}},"37":{"start":{"line":51,"column":8},"end":{"line":51,"column":null}},"38":{"start":{"line":57,"column":4},"end":{"line":61,"column":null}},"39":{"start":{"line":58,"column":6},"end":{"line":58,"column":null}},"40":{"start":{"line":59,"column":6},"end":{"line":59,"column":null}},"41":{"start":{"line":60,"column":6},"end":{"line":60,"column":null}},"42":{"start":{"line":65,"column":4},"end":{"line":112,"column":null}},"43":{"start":{"line":66,"column":22},"end":{"line":73,"column":null}},"44":{"start":{"line":75,"column":6},"end":{"line":75,"column":null}},"45":{"start":{"line":78,"column":6},"end":{"line":78,"column":null}},"46":{"start":{"line":80,"column":6},"end":{"line":86,"column":null}},"47":{"start":{"line":89,"column":30},"end":{"line":89,"column":59}},"48":{"start":{"line":90,"column":6},"end":{"line":93,"column":null}},"49":{"start":{"line":91,"column":8},"end":{"line":91,"column":null}},"50":{"start":{"line":92,"column":8},"end":{"line":92,"column":null}},"51":{"start":{"line":95,"column":6},"end":{"line":95,"column":null}},"52":{"start":{"line":98,"column":6},"end":{"line":103,"column":null}},"53":{"start":{"line":99,"column":8},"end":{"line":102,"column":null}},"54":{"start":{"line":105,"column":6},"end":{"line":111,"column":null}},"55":{"start":{"line":116,"column":4},"end":{"line":116,"column":null}},"56":{"start":{"line":116,"column":23},"end":{"line":116,"column":49}},"57":{"start":{"line":116,"column":49},"end":{"line":116,"column":57}},"58":{"start":{"line":117,"column":4},"end":{"line":122,"column":null}},"59":{"start":{"line":118,"column":19},"end":{"line":118,"column":null}},"60":{"start":{"line":119,"column":6},"end":{"line":119,"column":null}},"61":{"start":{"line":121,"column":6},"end":{"line":121,"column":null}},"62":{"start":{"line":125,"column":2},"end":{"line":127,"column":null}},"63":{"start":{"line":126,"column":4},"end":{"line":126,"column":null}},"64":{"start":{"line":126,"column":19},"end":{"line":126,"column":61}},"65":{"start":{"line":126,"column":38},"end":{"line":126,"column":61}},"66":{"start":{"line":152,"column":31},"end":{"line":152,"column":54}},"67":{"start":{"line":153,"column":31},"end":{"line":153,"column":66}},"68":{"start":{"line":157,"column":93},"end":{"line":157,"column":107}}},"fnMap":{"0":{"name":"DevApiProbe","decl":{"start":{"line":9,"column":24},"end":{"line":9,"column":null}},"loc":{"start":{"line":9,"column":24},"end":{"line":165,"column":null}}},"1":{"name":"log","decl":{"start":{"line":20,"column":11},"end":{"line":20,"column":15}},"loc":{"start":{"line":20,"column":27},"end":{"line":22,"column":null}}},"2":{"name":"(anonymous_4)","decl":{"start":{"line":21,"column":12},"end":{"line":21,"column":13}},"loc":{"start":{"line":21,"column":22},"end":{"line":21,"column":null}}},"3":{"name":"handlePing","decl":{"start":{"line":24,"column":17},"end":{"line":24,"column":null}},"loc":{"start":{"line":24,"column":17},"end":{"line":34,"column":null}}},"4":{"name":"handleStartSSE","decl":{"start":{"line":36,"column":11},"end":{"line":36,"column":null}},"loc":{"start":{"line":36,"column":11},"end":{"line":54,"column":null}}},"5":{"name":"(anonymous_7)","decl":{"start":{"line":40,"column":16},"end":{"line":40,"column":22}},"loc":{"start":{"line":40,"column":22},"end":{"line":40,"column":null}}},"6":{"name":"(anonymous_8)","decl":{"start":{"line":41,"column":17},"end":{"line":41,"column":18}},"loc":{"start":{"line":41,"column":24},"end":{"line":41,"column":null}}},"7":{"name":"(anonymous_9)","decl":{"start":{"line":42,"column":43},"end":{"line":42,"column":44}},"loc":{"start":{"line":42,"column":44},"end":{"line":53,"column":null}}},"8":{"name":"handleStopSSE","decl":{"start":{"line":56,"column":11},"end":{"line":56,"column":null}},"loc":{"start":{"line":56,"column":11},"end":{"line":62,"column":null}}},"9":{"name":"handleStartAnalysis","decl":{"start":{"line":64,"column":17},"end":{"line":64,"column":null}},"loc":{"start":{"line":64,"column":17},"end":{"line":113,"column":null}}},"10":{"name":"handleFetchResult","decl":{"start":{"line":115,"column":17},"end":{"line":115,"column":null}},"loc":{"start":{"line":115,"column":17},"end":{"line":123,"column":null}}},"11":{"name":"(anonymous_13)","decl":{"start":{"line":125,"column":18},"end":{"line":125,"column":null}},"loc":{"start":{"line":125,"column":18},"end":{"line":127,"column":5}}},"12":{"name":"(anonymous_14)","decl":{"start":{"line":126,"column":11},"end":{"line":126,"column":19}},"loc":{"start":{"line":126,"column":11},"end":{"line":126,"column":null}}},"13":{"name":"(anonymous_15)","decl":{"start":{"line":152,"column":25},"end":{"line":152,"column":31}},"loc":{"start":{"line":152,"column":31},"end":{"line":152,"column":54}}},"14":{"name":"(anonymous_16)","decl":{"start":{"line":153,"column":25},"end":{"line":153,"column":31}},"loc":{"start":{"line":153,"column":31},"end":{"line":153,"column":66}}},"15":{"name":"(anonymous_17)","decl":{"start":{"line":157,"column":85},"end":{"line":157,"column":86}},"loc":{"start":{"line":157,"column":93},"end":{"line":157,"column":107}}}},"branchMap":{"0":{"loc":{"start":{"line":31,"column":30},"end":{"line":31,"column":52}},"type":"binary-expr","locations":[{"start":{"line":31,"column":30},"end":{"line":31,"column":44}},{"start":{"line":31,"column":44},"end":{"line":31,"column":52}}]},"1":{"loc":{"start":{"line":37,"column":4},"end":{"line":37,"column":null}},"type":"if","locations":[{"start":{"line":37,"column":4},"end":{"line":37,"column":null}},{"start":{},"end":{}}]},"2":{"loc":{"start":{"line":45,"column":43},"end":{"line":45,"column":75}},"type":"binary-expr","locations":[{"start":{"line":45,"column":43},"end":{"line":45,"column":74}},{"start":{"line":45,"column":74},"end":{"line":45,"column":75}}]},"3":{"loc":{"start":{"line":46,"column":8},"end":{"line":49,"column":null}},"type":"if","locations":[{"start":{"line":46,"column":8},"end":{"line":49,"column":null}},{"start":{},"end":{}}]},"4":{"loc":{"start":{"line":57,"column":4},"end":{"line":61,"column":null}},"type":"if","locations":[{"start":{"line":57,"column":4},"end":{"line":61,"column":null}},{"start":{},"end":{}}]},"5":{"loc":{"start":{"line":90,"column":6},"end":{"line":93,"column":null}},"type":"if","locations":[{"start":{"line":90,"column":6},"end":{"line":93,"column":null}},{"start":{},"end":{}}]},"6":{"loc":{"start":{"line":95,"column":37},"end":{"line":95,"column":59}},"type":"binary-expr","locations":[{"start":{"line":95,"column":37},"end":{"line":95,"column":51}},{"start":{"line":95,"column":51},"end":{"line":95,"column":59}}]},"7":{"loc":{"start":{"line":98,"column":6},"end":{"line":103,"column":null}},"type":"if","locations":[{"start":{"line":98,"column":6},"end":{"line":103,"column":null}},{"start":{},"end":{}}]},"8":{"loc":{"start":{"line":100,"column":19},"end":{"line":100,"column":null}},"type":"binary-expr","locations":[{"start":{"line":100,"column":19},"end":{"line":100,"column":33}},{"start":{"line":100,"column":33},"end":{"line":100,"column":null}}]},"9":{"loc":{"start":{"line":116,"column":4},"end":{"line":116,"column":null}},"type":"if","locations":[{"start":{"line":116,"column":4},"end":{"line":116,"column":null}},{"start":{},"end":{}}]},"10":{"loc":{"start":{"line":121,"column":41},"end":{"line":121,"column":63}},"type":"binary-expr","locations":[{"start":{"line":121,"column":41},"end":{"line":121,"column":55}},{"start":{"line":121,"column":55},"end":{"line":121,"column":63}}]},"11":{"loc":{"start":{"line":126,"column":19},"end":{"line":126,"column":61}},"type":"if","locations":[{"start":{"line":126,"column":19},"end":{"line":126,"column":61}},{"start":{},"end":{}}]},"12":{"loc":{"start":{"line":157,"column":9},"end":{"line":157,"column":107}},"type":"cond-expr","locations":[{"start":{"line":157,"column":29},"end":{"line":157,"column":81}},{"start":{"line":157,"column":76},"end":{"line":157,"column":107}}]},"13":{"loc":{"start":{"line":161,"column":31},"end":{"line":161,"column":null}},"type":"binary-expr","locations":[{"start":{"line":161,"column":31},"end":{"line":161,"column":63}},{"start":{"line":161,"column":67},"end":{"line":161,"column":null}}]}},"s":{"0":13,"1":1,"2":1,"3":1,"4":1,"5":1,"6":13,"7":13,"8":13,"9":13,"10":13,"11":13,"12":13,"13":0,"14":0,"15":0,"16":0,"17":0,"18":0,"19":0,"20":0,"21":0,"22":0,"23":0,"24":0,"25":0,"26":0,"27":0,"28":0,"29":0,"30":0,"31":0,"32":0,"33":0,"34":0,"35":0,"36":0,"37":0,"38":0,"39":0,"40":0,"41":0,"42":0,"43":0,"44":0,"45":0,"46":0,"47":0,"48":0,"49":0,"50":0,"51":0,"52":0,"53":0,"54":0,"55":0,"56":0,"57":0,"58":0,"59":0,"60":0,"61":0,"62":13,"63":13,"64":13,"65":0,"66":0,"67":0,"68":0},"f":{"0":13,"1":0,"2":0,"3":0,"4":0,"5":0,"6":0,"7":0,"8":0,"9":0,"10":0,"11":13,"12":13,"13":0,"14":0,"15":0},"b":{"0":[0,0],"1":[0,0],"2":[0,0],"3":[0,0],"4":[0,0],"5":[0,0],"6":[0,0],"7":[0,0],"8":[0,0],"9":[0,0],"10":[0,0],"11":[0,13],"12":[13,0],"13":[13,13]}}
,"C:\\Users\\abroa\\HealthIQ-AI-v5\\frontend\\app\\components\\biomarkers\\BiomarkerChart.tsx": {"path":"C:\\Users\\abroa\\HealthIQ-AI-v5\\frontend\\app\\components\\biomarkers\\BiomarkerChart.tsx","statementMap":{"0":{"start":{"line":2,"column":24},"end":{"line":2,"column":null}}},"fnMap":{"0":{"name":"BiomarkerChart","decl":{"start":{"line":2,"column":24},"end":{"line":2,"column":null}},"loc":{"start":{"line":2,"column":24},"end":{"line":9,"column":null}}}},"branchMap":{},"s":{"0":0},"f":{"0":0},"b":{}}
,"C:\\Users\\abroa\\HealthIQ-AI-v5\\frontend\\app\\components\\clusters\\ClusterCard.tsx": {"path":"C:\\Users\\abroa\\HealthIQ-AI-v5\\frontend\\app\\components\\clusters\\ClusterCard.tsx","statementMap":{"0":{"start":{"line":2,"column":24},"end":{"line":2,"column":null}}},"fnMap":{"0":{"name":"ClusterCard","decl":{"start":{"line":2,"column":24},"end":{"line":2,"column":null}},"loc":{"start":{"line":2,"column":24},"end":{"line":9,"column":null}}}},"branchMap":{},"s":{"0":0},"f":{"0":0},"b":{}}
,"C:\\Users\\abroa\\HealthIQ-AI-v5\\frontend\\app\\components\\insights\\InsightPanel.tsx": {"path":"C:\\Users\\abroa\\HealthIQ-AI-v5\\frontend\\app\\components\\insights\\InsightPanel.tsx","statementMap":{"0":{"start":{"line":2,"column":24},"end":{"line":2,"column":null}}},"fnMap":{"0":{"name":"InsightPanel","decl":{"start":{"line":2,"column":24},"end":{"line":2,"column":null}},"loc":{"start":{"line":2,"column":24},"end":{"line":9,"column":null}}}},"branchMap":{},"s":{"0":0},"f":{"0":0},"b":{}}
,"C:\\Users\\abroa\\HealthIQ-AI-v5\\frontend\\app\\components\\pipeline\\PipelineStatus.tsx": {"path":"C:\\Users\\abroa\\HealthIQ-AI-v5\\frontend\\app\\components\\pipeline\\PipelineStatus.tsx","statementMap":{"0":{"start":{"line":2,"column":24},"end":{"line":2,"column":null}}},"fnMap":{"0":{"name":"PipelineStatus","decl":{"start":{"line":2,"column":24},"end":{"line":2,"column":null}},"loc":{"start":{"line":2,"column":24},"end":{"line":9,"column":null}}}},"branchMap":{},"s":{"0":0},"f":{"0":0},"b":{}}
,"C:\\Users\\abroa\\HealthIQ-AI-v5\\frontend\\app\\lib\\api.ts": {"path":"C:\\Users\\abroa\\HealthIQ-AI-v5\\frontend\\app\\lib\\api.ts","statementMap":{"0":{"start":{"line":2,"column":13},"end":{"line":2,"column":21}},"1":{"start":{"line":29,"column":22},"end":{"line":29,"column":39}},"2":{"start":{"line":9,"column":16},"end":{"line":9,"column":31}},"3":{"start":{"line":4,"column":22},"end":{"line":4,"column":32}},"4":{"start":{"line":16,"column":22},"end":{"line":16,"column":35}},"5":{"start":{"line":2,"column":24},"end":{"line":2,"column":null}},"6":{"start":{"line":5,"column":14},"end":{"line":5,"column":null}},"7":{"start":{"line":6,"column":2},"end":{"line":6,"column":null}},"8":{"start":{"line":10,"column":14},"end":{"line":12,"column":5}},"9":{"start":{"line":13,"column":2},"end":{"line":13,"column":null}},"10":{"start":{"line":20,"column":14},"end":{"line":24,"column":null}},"11":{"start":{"line":25,"column":2},"end":{"line":25,"column":null}},"12":{"start":{"line":25,"column":15},"end":{"line":25,"column":null}},"13":{"start":{"line":26,"column":2},"end":{"line":26,"column":null}},"14":{"start":{"line":30,"column":14},"end":{"line":30,"column":93}},"15":{"start":{"line":31,"column":14},"end":{"line":31,"column":null}},"16":{"start":{"line":32,"column":2},"end":{"line":32,"column":null}},"17":{"start":{"line":32,"column":15},"end":{"line":32,"column":null}},"18":{"start":{"line":33,"column":2},"end":{"line":33,"column":null}}},"fnMap":{"0":{"name":"pingHealth","decl":{"start":{"line":4,"column":22},"end":{"line":4,"column":32}},"loc":{"start":{"line":4,"column":22},"end":{"line":7,"column":null}}},"1":{"name":"openAnalysisSSE","decl":{"start":{"line":9,"column":16},"end":{"line":9,"column":31}},"loc":{"start":{"line":9,"column":50},"end":{"line":14,"column":null}}},"2":{"name":"startAnalysis","decl":{"start":{"line":16,"column":22},"end":{"line":16,"column":35}},"loc":{"start":{"line":19,"column":1},"end":{"line":27,"column":null}}},"3":{"name":"getAnalysisResult","decl":{"start":{"line":29,"column":22},"end":{"line":29,"column":39}},"loc":{"start":{"line":29,"column":58},"end":{"line":34,"column":null}}}},"branchMap":{"0":{"loc":{"start":{"line":2,"column":24},"end":{"line":2,"column":null}},"type":"binary-expr","locations":[{"start":{"line":2,"column":24},"end":{"line":2,"column":56}},{"start":{"line":2,"column":60},"end":{"line":2,"column":null}}]},"1":{"loc":{"start":{"line":25,"column":2},"end":{"line":25,"column":null}},"type":"if","locations":[{"start":{"line":25,"column":2},"end":{"line":25,"column":null}},{"start":{},"end":{}}]},"2":{"loc":{"start":{"line":32,"column":2},"end":{"line":32,"column":null}},"type":"if","locations":[{"start":{"line":32,"column":2},"end":{"line":32,"column":null}},{"start":{},"end":{}}]}},"s":{"0":0,"1":0,"2":0,"3":0,"4":0,"5":2,"6":0,"7":0,"8":0,"9":0,"10":0,"11":0,"12":0,"13":0,"14":0,"15":0,"16":0,"17":0,"18":0},"f":{"0":0,"1":0,"2":0,"3":0},"b":{"0":[2,2],"1":[0,0],"2":[0,0]}}
,"C:\\Users\\abroa\\HealthIQ-AI-v5\\frontend\\app\\services\\analysis.ts": {"path":"C:\\Users\\abroa\\HealthIQ-AI-v5\\frontend\\app\\services\\analysis.ts","statementMap":{"0":{"start":{"line":11,"column":13},"end":{"line":11,"column":null}},"1":{"start":{"line":9,"column":21},"end":{"line":9,"column":null}},"2":{"start":{"line":16,"column":4},"end":{"line":42,"column":null}},"3":{"start":{"line":17,"column":23},"end":{"line":23,"column":null}},"4":{"start":{"line":25,"column":6},"end":{"line":28,"column":null}},"5":{"start":{"line":26,"column":26},"end":{"line":26,"column":null}},"6":{"start":{"line":26,"column":61},"end":{"line":26,"column":null}},"7":{"start":{"line":27,"column":8},"end":{"line":27,"column":null}},"8":{"start":{"line":30,"column":21},"end":{"line":30,"column":null}},"9":{"start":{"line":31,"column":6},"end":{"line":35,"column":null}},"10":{"start":{"line":37,"column":6},"end":{"line":41,"column":null}},"11":{"start":{"line":49,"column":4},"end":{"line":74,"column":null}},"12":{"start":{"line":50,"column":23},"end":{"line":55,"column":null}},"13":{"start":{"line":57,"column":6},"end":{"line":60,"column":null}},"14":{"start":{"line":58,"column":26},"end":{"line":58,"column":null}},"15":{"start":{"line":58,"column":61},"end":{"line":58,"column":null}},"16":{"start":{"line":59,"column":8},"end":{"line":59,"column":null}},"17":{"start":{"line":62,"column":21},"end":{"line":62,"column":null}},"18":{"start":{"line":63,"column":6},"end":{"line":67,"column":null}},"19":{"start":{"line":69,"column":6},"end":{"line":73,"column":null}},"20":{"start":{"line":86,"column":24},"end":{"line":87,"column":null}},"21":{"start":{"line":90,"column":4},"end":{"line":98,"column":null}},"22":{"start":{"line":91,"column":6},"end":{"line":97,"column":null}},"23":{"start":{"line":92,"column":21},"end":{"line":92,"column":null}},"24":{"start":{"line":93,"column":8},"end":{"line":93,"column":null}},"25":{"start":{"line":95,"column":8},"end":{"line":95,"column":null}},"26":{"start":{"line":96,"column":8},"end":{"line":96,"column":null}},"27":{"start":{"line":100,"column":4},"end":{"line":103,"column":null}},"28":{"start":{"line":101,"column":6},"end":{"line":101,"column":null}},"29":{"start":{"line":102,"column":6},"end":{"line":102,"column":null}},"30":{"start":{"line":105,"column":4},"end":{"line":108,"column":null}},"31":{"start":{"line":106,"column":6},"end":{"line":106,"column":null}},"32":{"start":{"line":107,"column":6},"end":{"line":107,"column":null}},"33":{"start":{"line":110,"column":4},"end":{"line":110,"column":null}},"34":{"start":{"line":117,"column":29},"end":{"line":117,"column":31}},"35":{"start":{"line":119,"column":4},"end":{"line":122,"column":null}},"36":{"start":{"line":120,"column":6},"end":{"line":120,"column":null}},"37":{"start":{"line":121,"column":6},"end":{"line":121,"column":null}},"38":{"start":{"line":124,"column":29},"end":{"line":124,"column":null}},"39":{"start":{"line":126,"column":4},"end":{"line":128,"column":null}},"40":{"start":{"line":127,"column":6},"end":{"line":127,"column":null}},"41":{"start":{"line":130,"column":4},"end":{"line":143,"column":null}},"42":{"start":{"line":131,"column":6},"end":{"line":134,"column":null}},"43":{"start":{"line":132,"column":8},"end":{"line":132,"column":null}},"44":{"start":{"line":133,"column":8},"end":{"line":133,"column":null}},"45":{"start":{"line":136,"column":6},"end":{"line":138,"column":null}},"46":{"start":{"line":137,"column":8},"end":{"line":137,"column":null}},"47":{"start":{"line":140,"column":6},"end":{"line":142,"column":null}},"48":{"start":{"line":141,"column":8},"end":{"line":141,"column":null}},"49":{"start":{"line":145,"column":4},"end":{"line":148,"column":null}},"50":{"start":{"line":155,"column":29},"end":{"line":155,"column":31}},"51":{"start":{"line":157,"column":4},"end":{"line":160,"column":null}},"52":{"start":{"line":158,"column":6},"end":{"line":158,"column":null}},"53":{"start":{"line":159,"column":6},"end":{"line":159,"column":null}},"54":{"start":{"line":162,"column":4},"end":{"line":164,"column":null}},"55":{"start":{"line":163,"column":6},"end":{"line":163,"column":null}},"56":{"start":{"line":166,"column":4},"end":{"line":168,"column":null}},"57":{"start":{"line":167,"column":6},"end":{"line":167,"column":null}},"58":{"start":{"line":170,"column":4},"end":{"line":172,"column":null}},"59":{"start":{"line":171,"column":6},"end":{"line":171,"column":null}},"60":{"start":{"line":174,"column":4},"end":{"line":176,"column":null}},"61":{"start":{"line":175,"column":6},"end":{"line":175,"column":null}},"62":{"start":{"line":178,"column":4},"end":{"line":181,"column":null}},"63":{"start":{"line":189,"column":4},"end":{"line":212,"column":null}},"64":{"start":{"line":191,"column":44},"end":{"line":199,"column":null}},"65":{"start":{"line":201,"column":6},"end":{"line":205,"column":null}},"66":{"start":{"line":207,"column":6},"end":{"line":211,"column":null}},"67":{"start":{"line":220,"column":4},"end":{"line":233,"column":null}},"68":{"start":{"line":222,"column":6},"end":{"line":226,"column":null}},"69":{"start":{"line":228,"column":6},"end":{"line":232,"column":null}}},"fnMap":{"0":{"name":"(anonymous_1)","decl":{"start":{"line":15,"column":2},"end":{"line":15,"column":15}},"loc":{"start":{"line":15,"column":99},"end":{"line":43,"column":null}}},"1":{"name":"(anonymous_2)","decl":{"start":{"line":26,"column":54},"end":{"line":26,"column":61}},"loc":{"start":{"line":26,"column":61},"end":{"line":26,"column":null}}},"2":{"name":"(anonymous_3)","decl":{"start":{"line":48,"column":2},"end":{"line":48,"column":15}},"loc":{"start":{"line":48,"column":91},"end":{"line":75,"column":null}}},"3":{"name":"(anonymous_4)","decl":{"start":{"line":58,"column":54},"end":{"line":58,"column":61}},"loc":{"start":{"line":58,"column":61},"end":{"line":58,"column":null}}},"4":{"name":"(anonymous_5)","decl":{"start":{"line":80,"column":2},"end":{"line":80,"column":9}},"loc":{"start":{"line":85,"column":17},"end":{"line":111,"column":null}}},"5":{"name":"(anonymous_6)","decl":{"start":{"line":90,"column":28},"end":{"line":90,"column":29}},"loc":{"start":{"line":90,"column":29},"end":{"line":98,"column":null}}},"6":{"name":"(anonymous_7)","decl":{"start":{"line":100,"column":26},"end":{"line":100,"column":27}},"loc":{"start":{"line":100,"column":27},"end":{"line":103,"column":null}}},"7":{"name":"(anonymous_8)","decl":{"start":{"line":105,"column":45},"end":{"line":105,"column":null}},"loc":{"start":{"line":105,"column":45},"end":{"line":108,"column":null}}},"8":{"name":"(anonymous_9)","decl":{"start":{"line":116,"column":2},"end":{"line":116,"column":9}},"loc":{"start":{"line":116,"column":96},"end":{"line":149,"column":null}}},"9":{"name":"(anonymous_10)","decl":{"start":{"line":154,"column":2},"end":{"line":154,"column":9}},"loc":{"start":{"line":154,"column":86},"end":{"line":182,"column":null}}},"10":{"name":"(anonymous_11)","decl":{"start":{"line":188,"column":2},"end":{"line":188,"column":15}},"loc":{"start":{"line":188,"column":76},"end":{"line":213,"column":null}}},"11":{"name":"(anonymous_12)","decl":{"start":{"line":219,"column":2},"end":{"line":219,"column":15}},"loc":{"start":{"line":219,"column":96},"end":{"line":234,"column":null}}}},"branchMap":{"0":{"loc":{"start":{"line":9,"column":21},"end":{"line":9,"column":null}},"type":"binary-expr","locations":[{"start":{"line":9,"column":21},"end":{"line":9,"column":52}},{"start":{"line":9,"column":56},"end":{"line":9,"column":null}}]},"1":{"loc":{"start":{"line":25,"column":6},"end":{"line":28,"column":null}},"type":"if","locations":[{"start":{"line":25,"column":6},"end":{"line":28,"column":null}},{"start":{},"end":{}}]},"2":{"loc":{"start":{"line":27,"column":24},"end":{"line":27,"column":93}},"type":"binary-expr","locations":[{"start":{"line":27,"column":24},"end":{"line":27,"column":40}},{"start":{"line":27,"column":44},"end":{"line":27,"column":93}}]},"3":{"loc":{"start":{"line":40,"column":15},"end":{"line":40,"column":null}},"type":"cond-expr","locations":[{"start":{"line":40,"column":40},"end":{"line":40,"column":53}},{"start":{"line":40,"column":56},"end":{"line":40,"column":null}}]},"4":{"loc":{"start":{"line":57,"column":6},"end":{"line":60,"column":null}},"type":"if","locations":[{"start":{"line":57,"column":6},"end":{"line":60,"column":null}},{"start":{},"end":{}}]},"5":{"loc":{"start":{"line":59,"column":24},"end":{"line":59,"column":93}},"type":"binary-expr","locations":[{"start":{"line":59,"column":24},"end":{"line":59,"column":40}},{"start":{"line":59,"column":44},"end":{"line":59,"column":93}}]},"6":{"loc":{"start":{"line":72,"column":15},"end":{"line":72,"column":null}},"type":"cond-expr","locations":[{"start":{"line":72,"column":40},"end":{"line":72,"column":53}},{"start":{"line":72,"column":56},"end":{"line":72,"column":null}}]},"7":{"loc":{"start":{"line":119,"column":4},"end":{"line":122,"column":null}},"type":"if","locations":[{"start":{"line":119,"column":4},"end":{"line":122,"column":null}},{"start":{},"end":{}}]},"8":{"loc":{"start":{"line":119,"column":8},"end":{"line":119,"column":55}},"type":"binary-expr","locations":[{"start":{"line":119,"column":8},"end":{"line":119,"column":23}},{"start":{"line":119,"column":23},"end":{"line":119,"column":55}}]},"9":{"loc":{"start":{"line":126,"column":4},"end":{"line":128,"column":null}},"type":"if","locations":[{"start":{"line":126,"column":4},"end":{"line":128,"column":null}},{"start":{},"end":{}}]},"10":{"loc":{"start":{"line":131,"column":6},"end":{"line":134,"column":null}},"type":"if","locations":[{"start":{"line":131,"column":6},"end":{"line":134,"column":null}},{"start":{},"end":{}}]},"11":{"loc":{"start":{"line":131,"column":10},"end":{"line":131,"column":47}},"type":"binary-expr","locations":[{"start":{"line":131,"column":10},"end":{"line":131,"column":20}},{"start":{"line":131,"column":20},"end":{"line":131,"column":47}}]},"12":{"loc":{"start":{"line":136,"column":6},"end":{"line":138,"column":null}},"type":"if","locations":[{"start":{"line":136,"column":6},"end":{"line":138,"column":null}},{"start":{},"end":{}}]},"13":{"loc":{"start":{"line":136,"column":10},"end":{"line":136,"column":63}},"type":"binary-expr","locations":[{"start":{"line":136,"column":10},"end":{"line":136,"column":45}},{"start":{"line":136,"column":45},"end":{"line":136,"column":63}}]},"14":{"loc":{"start":{"line":140,"column":6},"end":{"line":142,"column":null}},"type":"if","locations":[{"start":{"line":140,"column":6},"end":{"line":142,"column":null}},{"start":{},"end":{}}]},"15":{"loc":{"start":{"line":140,"column":10},"end":{"line":140,"column":57}},"type":"binary-expr","locations":[{"start":{"line":140,"column":10},"end":{"line":140,"column":21}},{"start":{"line":140,"column":25},"end":{"line":140,"column":57}}]},"16":{"loc":{"start":{"line":157,"column":4},"end":{"line":160,"column":null}},"type":"if","locations":[{"start":{"line":157,"column":4},"end":{"line":160,"column":null}},{"start":{},"end":{}}]},"17":{"loc":{"start":{"line":157,"column":8},"end":{"line":157,"column":43}},"type":"binary-expr","locations":[{"start":{"line":157,"column":8},"end":{"line":157,"column":17}},{"start":{"line":157,"column":17},"end":{"line":157,"column":43}}]},"18":{"loc":{"start":{"line":162,"column":4},"end":{"line":164,"column":null}},"type":"if","locations":[{"start":{"line":162,"column":4},"end":{"line":164,"column":null}},{"start":{},"end":{}}]},"19":{"loc":{"start":{"line":162,"column":8},"end":{"line":162,"column":72}},"type":"binary-expr","locations":[{"start":{"line":162,"column":8},"end":{"line":162,"column":40}},{"start":{"line":162,"column":40},"end":{"line":162,"column":56}},{"start":{"line":162,"column":56},"end":{"line":162,"column":72}}]},"20":{"loc":{"start":{"line":166,"column":4},"end":{"line":168,"column":null}},"type":"if","locations":[{"start":{"line":166,"column":4},"end":{"line":168,"column":null}},{"start":{},"end":{}}]},"21":{"loc":{"start":{"line":170,"column":4},"end":{"line":172,"column":null}},"type":"if","locations":[{"start":{"line":170,"column":4},"end":{"line":172,"column":null}},{"start":{},"end":{}}]},"22":{"loc":{"start":{"line":170,"column":8},"end":{"line":170,"column":92}},"type":"binary-expr","locations":[{"start":{"line":170,"column":8},"end":{"line":170,"column":38}},{"start":{"line":170,"column":38},"end":{"line":170,"column":73}},{"start":{"line":170,"column":73},"end":{"line":170,"column":92}}]},"23":{"loc":{"start":{"line":174,"column":4},"end":{"line":176,"column":null}},"type":"if","locations":[{"start":{"line":174,"column":4},"end":{"line":176,"column":null}},{"start":{},"end":{}}]},"24":{"loc":{"start":{"line":174,"column":8},"end":{"line":174,"column":92}},"type":"binary-expr","locations":[{"start":{"line":174,"column":8},"end":{"line":174,"column":38}},{"start":{"line":174,"column":38},"end":{"line":174,"column":73}},{"start":{"line":174,"column":73},"end":{"line":174,"column":92}}]},"25":{"loc":{"start":{"line":210,"column":15},"end":{"line":210,"column":null}},"type":"cond-expr","locations":[{"start":{"line":210,"column":40},"end":{"line":210,"column":53}},{"start":{"line":210,"column":56},"end":{"line":210,"column":null}}]},"26":{"loc":{"start":{"line":231,"column":15},"end":{"line":231,"column":null}},"type":"cond-expr","locations":[{"start":{"line":231,"column":40},"end":{"line":231,"column":53}},{"start":{"line":231,"column":56},"end":{"line":231,"column":null}}]}},"s":{"0":26,"1":3,"2":5,"3":5,"4":4,"5":2,"6":0,"7":2,"8":2,"9":2,"10":3,"11":3,"12":3,"13":3,"14":1,"15":0,"16":1,"17":2,"18":2,"19":1,"20":1,"21":1,"22":0,"23":0,"24":0,"25":0,"26":0,"27":1,"28":0,"29":0,"30":1,"31":0,"32":0,"33":1,"34":6,"35":6,"36":1,"37":1,"38":5,"39":5,"40":1,"41":5,"42":7,"43":0,"44":0,"45":7,"46":2,"47":7,"48":1,"49":5,"50":7,"51":7,"52":0,"53":0,"54":7,"55":2,"56":7,"57":2,"58":7,"59":1,"60":7,"61":1,"62":7,"63":2,"64":2,"65":2,"66":0,"67":2,"68":2,"69":0},"f":{"0":5,"1":0,"2":3,"3":0,"4":1,"5":0,"6":0,"7":0,"8":6,"9":7,"10":2,"11":2},"b":{"0":[3,3],"1":[2,2],"2":[2,0],"3":[3,0],"4":[1,2],"5":[1,0],"6":[1,0],"7":[1,5],"8":[6,5],"9":[1,4],"10":[0,7],"11":[7,7],"12":[2,5],"13":[7,7],"14":[1,6],"15":[7,6],"16":[0,7],"17":[7,7],"18":[2,5],"19":[7,7,5],"20":[2,5],"21":[1,6],"22":[7,2,2],"23":[1,6],"24":[7,2,2],"25":[0,0],"26":[0,0]}}
,"C:\\Users\\abroa\\HealthIQ-AI-v5\\frontend\\app\\services\\auth.ts": {"path":"C:\\Users\\abroa\\HealthIQ-AI-v5\\frontend\\app\\services\\auth.ts","statementMap":{"0":{"start":{"line":15,"column":13},"end":{"line":15,"column":null}},"1":{"start":{"line":9,"column":21},"end":{"line":9,"column":null}},"2":{"start":{"line":12,"column":18},"end":{"line":12,"column":null}},"3":{"start":{"line":13,"column":17},"end":{"line":13,"column":null}},"4":{"start":{"line":20,"column":4},"end":{"line":55,"column":null}},"5":{"start":{"line":21,"column":23},"end":{"line":27,"column":null}},"6":{"start":{"line":29,"column":6},"end":{"line":32,"column":null}},"7":{"start":{"line":30,"column":26},"end":{"line":30,"column":null}},"8":{"start":{"line":30,"column":61},"end":{"line":30,"column":null}},"9":{"start":{"line":31,"column":8},"end":{"line":31,"column":null}},"10":{"start":{"line":34,"column":21},"end":{"line":34,"column":null}},"11":{"start":{"line":37,"column":6},"end":{"line":39,"column":null}},"12":{"start":{"line":38,"column":8},"end":{"line":38,"column":null}},"13":{"start":{"line":40,"column":6},"end":{"line":42,"column":null}},"14":{"start":{"line":41,"column":8},"end":{"line":41,"column":null}},"15":{"start":{"line":44,"column":6},"end":{"line":48,"column":null}},"16":{"start":{"line":50,"column":6},"end":{"line":54,"column":null}},"17":{"start":{"line":62,"column":4},"end":{"line":96,"column":null}},"18":{"start":{"line":63,"column":20},"end":{"line":63,"column":null}},"19":{"start":{"line":65,"column":6},"end":{"line":79,"column":null}},"20":{"start":{"line":67,"column":8},"end":{"line":78,"column":null}},"21":{"start":{"line":68,"column":10},"end":{"line":74,"column":null}},"22":{"start":{"line":77,"column":10},"end":{"line":77,"column":null}},"23":{"start":{"line":82,"column":6},"end":{"line":82,"column":null}},"24":{"start":{"line":83,"column":6},"end":{"line":83,"column":null}},"25":{"start":{"line":85,"column":6},"end":{"line":89,"column":null}},"26":{"start":{"line":91,"column":6},"end":{"line":95,"column":null}},"27":{"start":{"line":103,"column":4},"end":{"line":111,"column":null}},"28":{"start":{"line":104,"column":23},"end":{"line":104,"column":null}},"29":{"start":{"line":105,"column":6},"end":{"line":105,"column":null}},"30":{"start":{"line":105,"column":21},"end":{"line":105,"column":null}},"31":{"start":{"line":107,"column":6},"end":{"line":107,"column":null}},"32":{"start":{"line":109,"column":6},"end":{"line":109,"column":null}},"33":{"start":{"line":110,"column":6},"end":{"line":110,"column":null}},"34":{"start":{"line":118,"column":4},"end":{"line":169,"column":null}},"35":{"start":{"line":119,"column":20},"end":{"line":119,"column":null}},"36":{"start":{"line":120,"column":6},"end":{"line":126,"column":null}},"37":{"start":{"line":121,"column":8},"end":{"line":125,"column":null}},"38":{"start":{"line":128,"column":23},"end":{"line":134,"column":null}},"39":{"start":{"line":136,"column":6},"end":{"line":149,"column":null}},"40":{"start":{"line":137,"column":8},"end":{"line":145,"column":null}},"41":{"start":{"line":139,"column":10},"end":{"line":139,"column":null}},"42":{"start":{"line":140,"column":10},"end":{"line":144,"column":null}},"43":{"start":{"line":147,"column":26},"end":{"line":147,"column":null}},"44":{"start":{"line":147,"column":61},"end":{"line":147,"column":null}},"45":{"start":{"line":148,"column":8},"end":{"line":148,"column":null}},"46":{"start":{"line":151,"column":21},"end":{"line":151,"column":null}},"47":{"start":{"line":154,"column":6},"end":{"line":156,"column":null}},"48":{"start":{"line":155,"column":8},"end":{"line":155,"column":null}},"49":{"start":{"line":158,"column":6},"end":{"line":162,"column":null}},"50":{"start":{"line":164,"column":6},"end":{"line":168,"column":null}},"51":{"start":{"line":176,"column":18},"end":{"line":176,"column":null}},"52":{"start":{"line":177,"column":17},"end":{"line":177,"column":null}},"53":{"start":{"line":178,"column":4},"end":{"line":178,"column":null}},"54":{"start":{"line":185,"column":4},"end":{"line":185,"column":null}},"55":{"start":{"line":192,"column":4},"end":{"line":192,"column":null}},"56":{"start":{"line":193,"column":4},"end":{"line":193,"column":null}},"57":{"start":{"line":205,"column":4},"end":{"line":240,"column":null}},"58":{"start":{"line":206,"column":23},"end":{"line":212,"column":null}},"59":{"start":{"line":214,"column":6},"end":{"line":217,"column":null}},"60":{"start":{"line":215,"column":26},"end":{"line":215,"column":null}},"61":{"start":{"line":215,"column":61},"end":{"line":215,"column":null}},"62":{"start":{"line":216,"column":8},"end":{"line":216,"column":null}},"63":{"start":{"line":219,"column":21},"end":{"line":219,"column":null}},"64":{"start":{"line":222,"column":6},"end":{"line":224,"column":null}},"65":{"start":{"line":223,"column":8},"end":{"line":223,"column":null}},"66":{"start":{"line":225,"column":6},"end":{"line":227,"column":null}},"67":{"start":{"line":226,"column":8},"end":{"line":226,"column":null}},"68":{"start":{"line":229,"column":6},"end":{"line":233,"column":null}},"69":{"start":{"line":235,"column":6},"end":{"line":239,"column":null}},"70":{"start":{"line":247,"column":4},"end":{"line":289,"column":null}},"71":{"start":{"line":248,"column":20},"end":{"line":248,"column":null}},"72":{"start":{"line":249,"column":6},"end":{"line":255,"column":null}},"73":{"start":{"line":250,"column":8},"end":{"line":254,"column":null}},"74":{"start":{"line":257,"column":23},"end":{"line":264,"column":null}},"75":{"start":{"line":266,"column":6},"end":{"line":269,"column":null}},"76":{"start":{"line":267,"column":26},"end":{"line":267,"column":null}},"77":{"start":{"line":267,"column":61},"end":{"line":267,"column":null}},"78":{"start":{"line":268,"column":8},"end":{"line":268,"column":null}},"79":{"start":{"line":271,"column":21},"end":{"line":271,"column":null}},"80":{"start":{"line":274,"column":6},"end":{"line":276,"column":null}},"81":{"start":{"line":275,"column":8},"end":{"line":275,"column":null}},"82":{"start":{"line":278,"column":6},"end":{"line":282,"column":null}},"83":{"start":{"line":284,"column":6},"end":{"line":288,"column":null}},"84":{"start":{"line":299,"column":4},"end":{"line":336,"column":null}},"85":{"start":{"line":300,"column":20},"end":{"line":300,"column":null}},"86":{"start":{"line":301,"column":6},"end":{"line":307,"column":null}},"87":{"start":{"line":302,"column":8},"end":{"line":306,"column":null}},"88":{"start":{"line":309,"column":23},"end":{"line":316,"column":null}},"89":{"start":{"line":318,"column":6},"end":{"line":321,"column":null}},"90":{"start":{"line":319,"column":26},"end":{"line":319,"column":null}},"91":{"start":{"line":319,"column":61},"end":{"line":319,"column":null}},"92":{"start":{"line":320,"column":8},"end":{"line":320,"column":null}},"93":{"start":{"line":323,"column":21},"end":{"line":323,"column":null}},"94":{"start":{"line":325,"column":6},"end":{"line":329,"column":null}},"95":{"start":{"line":331,"column":6},"end":{"line":335,"column":null}},"96":{"start":{"line":343,"column":4},"end":{"line":389,"column":null}},"97":{"start":{"line":344,"column":20},"end":{"line":344,"column":null}},"98":{"start":{"line":345,"column":6},"end":{"line":351,"column":null}},"99":{"start":{"line":346,"column":8},"end":{"line":350,"column":null}},"100":{"start":{"line":353,"column":23},"end":{"line":359,"column":null}},"101":{"start":{"line":361,"column":6},"end":{"line":368,"column":null}},"102":{"start":{"line":362,"column":8},"end":{"line":362,"column":null}},"103":{"start":{"line":363,"column":8},"end":{"line":367,"column":null}},"104":{"start":{"line":370,"column":21},"end":{"line":370,"column":null}},"105":{"start":{"line":373,"column":6},"end":{"line":375,"column":null}},"106":{"start":{"line":374,"column":8},"end":{"line":374,"column":null}},"107":{"start":{"line":377,"column":6},"end":{"line":381,"column":null}},"108":{"start":{"line":383,"column":6},"end":{"line":383,"column":null}},"109":{"start":{"line":384,"column":6},"end":{"line":388,"column":null}}},"fnMap":{"0":{"name":"(anonymous_1)","decl":{"start":{"line":19,"column":2},"end":{"line":19,"column":15}},"loc":{"start":{"line":19,"column":124},"end":{"line":56,"column":null}}},"1":{"name":"(anonymous_2)","decl":{"start":{"line":30,"column":54},"end":{"line":30,"column":61}},"loc":{"start":{"line":30,"column":61},"end":{"line":30,"column":null}}},"2":{"name":"(anonymous_3)","decl":{"start":{"line":61,"column":2},"end":{"line":61,"column":15}},"loc":{"start":{"line":61,"column":71},"end":{"line":97,"column":null}}},"3":{"name":"(anonymous_4)","decl":{"start":{"line":102,"column":2},"end":{"line":102,"column":9}},"loc":{"start":{"line":102,"column":39},"end":{"line":112,"column":null}}},"4":{"name":"(anonymous_5)","decl":{"start":{"line":117,"column":2},"end":{"line":117,"column":15}},"loc":{"start":{"line":117,"column":70},"end":{"line":170,"column":null}}},"5":{"name":"(anonymous_6)","decl":{"start":{"line":147,"column":54},"end":{"line":147,"column":61}},"loc":{"start":{"line":147,"column":61},"end":{"line":147,"column":null}}},"6":{"name":"(anonymous_7)","decl":{"start":{"line":175,"column":2},"end":{"line":175,"column":9}},"loc":{"start":{"line":175,"column":36},"end":{"line":179,"column":null}}},"7":{"name":"(anonymous_8)","decl":{"start":{"line":184,"column":2},"end":{"line":184,"column":9}},"loc":{"start":{"line":184,"column":35},"end":{"line":186,"column":null}}},"8":{"name":"(anonymous_9)","decl":{"start":{"line":191,"column":2},"end":{"line":191,"column":9}},"loc":{"start":{"line":191,"column":31},"end":{"line":194,"column":null}}},"9":{"name":"(anonymous_10)","decl":{"start":{"line":199,"column":2},"end":{"line":199,"column":15}},"loc":{"start":{"line":204,"column":58},"end":{"line":241,"column":null}}},"10":{"name":"(anonymous_11)","decl":{"start":{"line":215,"column":54},"end":{"line":215,"column":61}},"loc":{"start":{"line":215,"column":61},"end":{"line":215,"column":null}}},"11":{"name":"(anonymous_12)","decl":{"start":{"line":246,"column":2},"end":{"line":246,"column":15}},"loc":{"start":{"line":246,"column":92},"end":{"line":290,"column":null}}},"12":{"name":"(anonymous_13)","decl":{"start":{"line":267,"column":54},"end":{"line":267,"column":61}},"loc":{"start":{"line":267,"column":61},"end":{"line":267,"column":null}}},"13":{"name":"(anonymous_14)","decl":{"start":{"line":295,"column":2},"end":{"line":295,"column":15}},"loc":{"start":{"line":298,"column":49},"end":{"line":337,"column":null}}},"14":{"name":"(anonymous_15)","decl":{"start":{"line":319,"column":54},"end":{"line":319,"column":61}},"loc":{"start":{"line":319,"column":61},"end":{"line":319,"column":null}}},"15":{"name":"(anonymous_16)","decl":{"start":{"line":342,"column":2},"end":{"line":342,"column":15}},"loc":{"start":{"line":342,"column":71},"end":{"line":390,"column":null}}}},"branchMap":{"0":{"loc":{"start":{"line":9,"column":21},"end":{"line":9,"column":null}},"type":"binary-expr","locations":[{"start":{"line":9,"column":21},"end":{"line":9,"column":52}},{"start":{"line":9,"column":56},"end":{"line":9,"column":null}}]},"1":{"loc":{"start":{"line":29,"column":6},"end":{"line":32,"column":null}},"type":"if","locations":[{"start":{"line":29,"column":6},"end":{"line":32,"column":null}},{"start":{},"end":{}}]},"2":{"loc":{"start":{"line":31,"column":24},"end":{"line":31,"column":93}},"type":"binary-expr","locations":[{"start":{"line":31,"column":24},"end":{"line":31,"column":40}},{"start":{"line":31,"column":44},"end":{"line":31,"column":93}}]},"3":{"loc":{"start":{"line":37,"column":6},"end":{"line":39,"column":null}},"type":"if","locations":[{"start":{"line":37,"column":6},"end":{"line":39,"column":null}},{"start":{},"end":{}}]},"4":{"loc":{"start":{"line":40,"column":6},"end":{"line":42,"column":null}},"type":"if","locations":[{"start":{"line":40,"column":6},"end":{"line":42,"column":null}},{"start":{},"end":{}}]},"5":{"loc":{"start":{"line":53,"column":15},"end":{"line":53,"column":null}},"type":"cond-expr","locations":[{"start":{"line":53,"column":40},"end":{"line":53,"column":53}},{"start":{"line":53,"column":56},"end":{"line":53,"column":null}}]},"6":{"loc":{"start":{"line":65,"column":6},"end":{"line":79,"column":null}},"type":"if","locations":[{"start":{"line":65,"column":6},"end":{"line":79,"column":null}},{"start":{},"end":{}}]},"7":{"loc":{"start":{"line":94,"column":15},"end":{"line":94,"column":null}},"type":"cond-expr","locations":[{"start":{"line":94,"column":40},"end":{"line":94,"column":53}},{"start":{"line":94,"column":56},"end":{"line":94,"column":null}}]},"8":{"loc":{"start":{"line":105,"column":6},"end":{"line":105,"column":null}},"type":"if","locations":[{"start":{"line":105,"column":6},"end":{"line":105,"column":null}},{"start":{},"end":{}}]},"9":{"loc":{"start":{"line":120,"column":6},"end":{"line":126,"column":null}},"type":"if","locations":[{"start":{"line":120,"column":6},"end":{"line":126,"column":null}},{"start":{},"end":{}}]},"10":{"loc":{"start":{"line":136,"column":6},"end":{"line":149,"column":null}},"type":"if","locations":[{"start":{"line":136,"column":6},"end":{"line":149,"column":null}},{"start":{},"end":{}}]},"11":{"loc":{"start":{"line":137,"column":8},"end":{"line":145,"column":null}},"type":"if","locations":[{"start":{"line":137,"column":8},"end":{"line":145,"column":null}},{"start":{},"end":{}}]},"12":{"loc":{"start":{"line":148,"column":24},"end":{"line":148,"column":93}},"type":"binary-expr","locations":[{"start":{"line":148,"column":24},"end":{"line":148,"column":40}},{"start":{"line":148,"column":44},"end":{"line":148,"column":93}}]},"13":{"loc":{"start":{"line":154,"column":6},"end":{"line":156,"column":null}},"type":"if","locations":[{"start":{"line":154,"column":6},"end":{"line":156,"column":null}},{"start":{},"end":{}}]},"14":{"loc":{"start":{"line":159,"column":14},"end":{"line":159,"column":null}},"type":"binary-expr","locations":[{"start":{"line":159,"column":14},"end":{"line":159,"column":25}},{"start":{"line":159,"column":29},"end":{"line":159,"column":null}}]},"15":{"loc":{"start":{"line":167,"column":15},"end":{"line":167,"column":null}},"type":"cond-expr","locations":[{"start":{"line":167,"column":40},"end":{"line":167,"column":53}},{"start":{"line":167,"column":56},"end":{"line":167,"column":null}}]},"16":{"loc":{"start":{"line":178,"column":14},"end":{"line":178,"column":26}},"type":"binary-expr","locations":[{"start":{"line":178,"column":14},"end":{"line":178,"column":23}},{"start":{"line":178,"column":23},"end":{"line":178,"column":26}}]},"17":{"loc":{"start":{"line":214,"column":6},"end":{"line":217,"column":null}},"type":"if","locations":[{"start":{"line":214,"column":6},"end":{"line":217,"column":null}},{"start":{},"end":{}}]},"18":{"loc":{"start":{"line":216,"column":24},"end":{"line":216,"column":93}},"type":"binary-expr","locations":[{"start":{"line":216,"column":24},"end":{"line":216,"column":40}},{"start":{"line":216,"column":44},"end":{"line":216,"column":93}}]},"19":{"loc":{"start":{"line":222,"column":6},"end":{"line":224,"column":null}},"type":"if","locations":[{"start":{"line":222,"column":6},"end":{"line":224,"column":null}},{"start":{},"end":{}}]},"20":{"loc":{"start":{"line":225,"column":6},"end":{"line":227,"column":null}},"type":"if","locations":[{"start":{"line":225,"column":6},"end":{"line":227,"column":null}},{"start":{},"end":{}}]},"21":{"loc":{"start":{"line":238,"column":15},"end":{"line":238,"column":null}},"type":"cond-expr","locations":[{"start":{"line":238,"column":40},"end":{"line":238,"column":53}},{"start":{"line":238,"column":56},"end":{"line":238,"column":null}}]},"22":{"loc":{"start":{"line":249,"column":6},"end":{"line":255,"column":null}},"type":"if","locations":[{"start":{"line":249,"column":6},"end":{"line":255,"column":null}},{"start":{},"end":{}}]},"23":{"loc":{"start":{"line":266,"column":6},"end":{"line":269,"column":null}},"type":"if","locations":[{"start":{"line":266,"column":6},"end":{"line":269,"column":null}},{"start":{},"end":{}}]},"24":{"loc":{"start":{"line":268,"column":24},"end":{"line":268,"column":93}},"type":"binary-expr","locations":[{"start":{"line":268,"column":24},"end":{"line":268,"column":40}},{"start":{"line":268,"column":44},"end":{"line":268,"column":93}}]},"25":{"loc":{"start":{"line":274,"column":6},"end":{"line":276,"column":null}},"type":"if","locations":[{"start":{"line":274,"column":6},"end":{"line":276,"column":null}},{"start":{},"end":{}}]},"26":{"loc":{"start":{"line":279,"column":14},"end":{"line":279,"column":null}},"type":"binary-expr","locations":[{"start":{"line":279,"column":14},"end":{"line":279,"column":25}},{"start":{"line":279,"column":29},"end":{"line":279,"column":null}}]},"27":{"loc":{"start":{"line":287,"column":15},"end":{"line":287,"column":null}},"type":"cond-expr","locations":[{"start":{"line":287,"column":40},"end":{"line":287,"column":53}},{"start":{"line":287,"column":56},"end":{"line":287,"column":null}}]},"28":{"loc":{"start":{"line":301,"column":6},"end":{"line":307,"column":null}},"type":"if","locations":[{"start":{"line":301,"column":6},"end":{"line":307,"column":null}},{"start":{},"end":{}}]},"29":{"loc":{"start":{"line":318,"column":6},"end":{"line":321,"column":null}},"type":"if","locations":[{"start":{"line":318,"column":6},"end":{"line":321,"column":null}},{"start":{},"end":{}}]},"30":{"loc":{"start":{"line":320,"column":24},"end":{"line":320,"column":93}},"type":"binary-expr","locations":[{"start":{"line":320,"column":24},"end":{"line":320,"column":40}},{"start":{"line":320,"column":44},"end":{"line":320,"column":93}}]},"31":{"loc":{"start":{"line":334,"column":15},"end":{"line":334,"column":null}},"type":"cond-expr","locations":[{"start":{"line":334,"column":40},"end":{"line":334,"column":53}},{"start":{"line":334,"column":56},"end":{"line":334,"column":null}}]},"32":{"loc":{"start":{"line":345,"column":6},"end":{"line":351,"column":null}},"type":"if","locations":[{"start":{"line":345,"column":6},"end":{"line":351,"column":null}},{"start":{},"end":{}}]},"33":{"loc":{"start":{"line":361,"column":6},"end":{"line":368,"column":null}},"type":"if","locations":[{"start":{"line":361,"column":6},"end":{"line":368,"column":null}},{"start":{},"end":{}}]},"34":{"loc":{"start":{"line":373,"column":6},"end":{"line":375,"column":null}},"type":"if","locations":[{"start":{"line":373,"column":6},"end":{"line":375,"column":null}},{"start":{},"end":{}}]},"35":{"loc":{"start":{"line":387,"column":15},"end":{"line":387,"column":null}},"type":"cond-expr","locations":[{"start":{"line":387,"column":40},"end":{"line":387,"column":53}},{"start":{"line":387,"column":56},"end":{"line":387,"column":null}}]}},"s":{"0":34,"1":2,"2":2,"3":2,"4":5,"5":5,"6":4,"7":2,"8":0,"9":2,"10":2,"11":2,"12":2,"13":2,"14":2,"15":2,"16":3,"17":4,"18":4,"19":4,"20":3,"21":3,"22":1,"23":4,"24":4,"25":4,"26":0,"27":9,"28":9,"29":9,"30":3,"31":6,"32":1,"33":1,"34":3,"35":3,"36":3,"37":1,"38":2,"39":2,"40":1,"41":1,"42":1,"43":0,"44":0,"45":0,"46":1,"47":1,"48":1,"49":1,"50":0,"51":4,"52":4,"53":4,"54":20,"55":4,"56":4,"57":2,"58":2,"59":2,"60":1,"61":0,"62":1,"63":1,"64":1,"65":1,"66":1,"67":1,"68":1,"69":1,"70":2,"71":2,"72":2,"73":1,"74":1,"75":1,"76":0,"77":0,"78":0,"79":1,"80":1,"81":1,"82":1,"83":0,"84":2,"85":2,"86":2,"87":1,"88":1,"89":1,"90":0,"91":0,"92":0,"93":1,"94":1,"95":0,"96":3,"97":3,"98":3,"99":1,"100":2,"101":2,"102":1,"103":1,"104":1,"105":1,"106":1,"107":1,"108":0,"109":0},"f":{"0":5,"1":0,"2":4,"3":9,"4":3,"5":0,"6":4,"7":20,"8":4,"9":2,"10":0,"11":2,"12":0,"13":2,"14":0,"15":3},"b":{"0":[2,2],"1":[2,2],"2":[2,0],"3":[2,0],"4":[2,0],"5":[3,0],"6":[3,1],"7":[0,0],"8":[3,6],"9":[1,2],"10":[1,1],"11":[1,0],"12":[0,0],"13":[1,0],"14":[1,0],"15":[0,0],"16":[4,3],"17":[1,1],"18":[1,0],"19":[1,0],"20":[1,0],"21":[1,0],"22":[1,1],"23":[0,1],"24":[0,0],"25":[1,0],"26":[1,0],"27":[0,0],"28":[1,1],"29":[0,1],"30":[0,0],"31":[0,0],"32":[1,2],"33":[1,1],"34":[1,0],"35":[0,0]}}
,"C:\\Users\\abroa\\HealthIQ-AI-v5\\frontend\\app\\services\\reports.ts": {"path":"C:\\Users\\abroa\\HealthIQ-AI-v5\\frontend\\app\\services\\reports.ts","statementMap":{"0":{"start":{"line":43,"column":13},"end":{"line":43,"column":null}},"1":{"start":{"line":9,"column":21},"end":{"line":9,"column":null}},"2":{"start":{"line":48,"column":4},"end":{"line":75,"column":null}},"3":{"start":{"line":49,"column":23},"end":{"line":56,"column":null}},"4":{"start":{"line":58,"column":6},"end":{"line":61,"column":null}},"5":{"start":{"line":59,"column":26},"end":{"line":59,"column":null}},"6":{"start":{"line":59,"column":61},"end":{"line":59,"column":null}},"7":{"start":{"line":60,"column":8},"end":{"line":60,"column":null}},"8":{"start":{"line":63,"column":21},"end":{"line":63,"column":null}},"9":{"start":{"line":64,"column":6},"end":{"line":68,"column":null}},"10":{"start":{"line":70,"column":6},"end":{"line":74,"column":null}},"11":{"start":{"line":82,"column":4},"end":{"line":108,"column":null}},"12":{"start":{"line":83,"column":23},"end":{"line":89,"column":null}},"13":{"start":{"line":91,"column":6},"end":{"line":94,"column":null}},"14":{"start":{"line":92,"column":26},"end":{"line":92,"column":null}},"15":{"start":{"line":92,"column":61},"end":{"line":92,"column":null}},"16":{"start":{"line":93,"column":8},"end":{"line":93,"column":null}},"17":{"start":{"line":96,"column":21},"end":{"line":96,"column":null}},"18":{"start":{"line":97,"column":6},"end":{"line":101,"column":null}},"19":{"start":{"line":103,"column":6},"end":{"line":107,"column":null}},"20":{"start":{"line":115,"column":4},"end":{"line":140,"column":null}},"21":{"start":{"line":116,"column":23},"end":{"line":121,"column":null}},"22":{"start":{"line":123,"column":6},"end":{"line":126,"column":null}},"23":{"start":{"line":124,"column":26},"end":{"line":124,"column":null}},"24":{"start":{"line":124,"column":61},"end":{"line":124,"column":null}},"25":{"start":{"line":125,"column":8},"end":{"line":125,"column":null}},"26":{"start":{"line":128,"column":19},"end":{"line":128,"column":null}},"27":{"start":{"line":129,"column":6},"end":{"line":133,"column":null}},"28":{"start":{"line":135,"column":6},"end":{"line":139,"column":null}},"29":{"start":{"line":152,"column":4},"end":{"line":196,"column":null}},"30":{"start":{"line":153,"column":27},"end":{"line":153,"column":null}},"31":{"start":{"line":154,"column":6},"end":{"line":154,"column":null}},"32":{"start":{"line":154,"column":24},"end":{"line":154,"column":null}},"33":{"start":{"line":155,"column":6},"end":{"line":155,"column":null}},"34":{"start":{"line":155,"column":25},"end":{"line":155,"column":null}},"35":{"start":{"line":156,"column":6},"end":{"line":156,"column":null}},"36":{"start":{"line":156,"column":24},"end":{"line":156,"column":null}},"37":{"start":{"line":157,"column":6},"end":{"line":157,"column":null}},"38":{"start":{"line":157,"column":26},"end":{"line":157,"column":null}},"39":{"start":{"line":159,"column":23},"end":{"line":165,"column":null}},"40":{"start":{"line":167,"column":6},"end":{"line":170,"column":null}},"41":{"start":{"line":168,"column":26},"end":{"line":168,"column":null}},"42":{"start":{"line":168,"column":61},"end":{"line":168,"column":null}},"43":{"start":{"line":169,"column":8},"end":{"line":169,"column":null}},"44":{"start":{"line":172,"column":21},"end":{"line":172,"column":null}},"45":{"start":{"line":173,"column":6},"end":{"line":183,"column":null}},"46":{"start":{"line":185,"column":6},"end":{"line":195,"column":null}},"47":{"start":{"line":203,"column":4},"end":{"line":229,"column":null}},"48":{"start":{"line":204,"column":23},"end":{"line":210,"column":null}},"49":{"start":{"line":212,"column":6},"end":{"line":215,"column":null}},"50":{"start":{"line":213,"column":26},"end":{"line":213,"column":null}},"51":{"start":{"line":213,"column":61},"end":{"line":213,"column":null}},"52":{"start":{"line":214,"column":8},"end":{"line":214,"column":null}},"53":{"start":{"line":217,"column":21},"end":{"line":217,"column":null}},"54":{"start":{"line":218,"column":6},"end":{"line":222,"column":null}},"55":{"start":{"line":224,"column":6},"end":{"line":228,"column":null}},"56":{"start":{"line":236,"column":4},"end":{"line":262,"column":null}},"57":{"start":{"line":237,"column":23},"end":{"line":243,"column":null}},"58":{"start":{"line":245,"column":6},"end":{"line":248,"column":null}},"59":{"start":{"line":246,"column":26},"end":{"line":246,"column":null}},"60":{"start":{"line":246,"column":61},"end":{"line":246,"column":null}},"61":{"start":{"line":247,"column":8},"end":{"line":247,"column":null}},"62":{"start":{"line":250,"column":21},"end":{"line":250,"column":null}},"63":{"start":{"line":251,"column":6},"end":{"line":255,"column":null}},"64":{"start":{"line":257,"column":6},"end":{"line":261,"column":null}},"65":{"start":{"line":269,"column":4},"end":{"line":295,"column":null}},"66":{"start":{"line":270,"column":23},"end":{"line":276,"column":null}},"67":{"start":{"line":278,"column":6},"end":{"line":281,"column":null}},"68":{"start":{"line":279,"column":26},"end":{"line":279,"column":null}},"69":{"start":{"line":279,"column":61},"end":{"line":279,"column":null}},"70":{"start":{"line":280,"column":8},"end":{"line":280,"column":null}},"71":{"start":{"line":283,"column":21},"end":{"line":283,"column":null}},"72":{"start":{"line":284,"column":6},"end":{"line":288,"column":null}},"73":{"start":{"line":290,"column":6},"end":{"line":294,"column":null}},"74":{"start":{"line":302,"column":4},"end":{"line":329,"column":null}},"75":{"start":{"line":303,"column":23},"end":{"line":310,"column":null}},"76":{"start":{"line":312,"column":6},"end":{"line":315,"column":null}},"77":{"start":{"line":313,"column":26},"end":{"line":313,"column":null}},"78":{"start":{"line":313,"column":61},"end":{"line":313,"column":null}},"79":{"start":{"line":314,"column":8},"end":{"line":314,"column":null}},"80":{"start":{"line":317,"column":21},"end":{"line":317,"column":null}},"81":{"start":{"line":318,"column":6},"end":{"line":322,"column":null}},"82":{"start":{"line":324,"column":6},"end":{"line":328,"column":null}},"83":{"start":{"line":336,"column":4},"end":{"line":336,"column":null}},"84":{"start":{"line":343,"column":16},"end":{"line":343,"column":null}},"85":{"start":{"line":344,"column":17},"end":{"line":344,"column":null}},"86":{"start":{"line":345,"column":4},"end":{"line":345,"column":null}},"87":{"start":{"line":346,"column":4},"end":{"line":346,"column":null}},"88":{"start":{"line":347,"column":4},"end":{"line":347,"column":null}},"89":{"start":{"line":348,"column":4},"end":{"line":348,"column":null}},"90":{"start":{"line":349,"column":4},"end":{"line":349,"column":null}},"91":{"start":{"line":350,"column":4},"end":{"line":350,"column":null}},"92":{"start":{"line":363,"column":4},"end":{"line":394,"column":null}},"93":{"start":{"line":364,"column":23},"end":{"line":370,"column":null}},"94":{"start":{"line":372,"column":6},"end":{"line":375,"column":null}},"95":{"start":{"line":373,"column":26},"end":{"line":373,"column":null}},"96":{"start":{"line":373,"column":61},"end":{"line":373,"column":null}},"97":{"start":{"line":374,"column":8},"end":{"line":374,"column":null}},"98":{"start":{"line":377,"column":21},"end":{"line":377,"column":null}},"99":{"start":{"line":378,"column":6},"end":{"line":382,"column":null}},"100":{"start":{"line":384,"column":6},"end":{"line":393,"column":null}}},"fnMap":{"0":{"name":"(anonymous_1)","decl":{"start":{"line":47,"column":2},"end":{"line":47,"column":15}},"loc":{"start":{"line":47,"column":94},"end":{"line":76,"column":null}}},"1":{"name":"(anonymous_2)","decl":{"start":{"line":59,"column":54},"end":{"line":59,"column":61}},"loc":{"start":{"line":59,"column":61},"end":{"line":59,"column":null}}},"2":{"name":"(anonymous_3)","decl":{"start":{"line":81,"column":2},"end":{"line":81,"column":15}},"loc":{"start":{"line":81,"column":73},"end":{"line":109,"column":null}}},"3":{"name":"(anonymous_4)","decl":{"start":{"line":92,"column":54},"end":{"line":92,"column":61}},"loc":{"start":{"line":92,"column":61},"end":{"line":92,"column":null}}},"4":{"name":"(anonymous_5)","decl":{"start":{"line":114,"column":2},"end":{"line":114,"column":15}},"loc":{"start":{"line":114,"column":76},"end":{"line":141,"column":null}}},"5":{"name":"(anonymous_6)","decl":{"start":{"line":124,"column":54},"end":{"line":124,"column":61}},"loc":{"start":{"line":124,"column":61},"end":{"line":124,"column":null}}},"6":{"name":"(anonymous_7)","decl":{"start":{"line":146,"column":2},"end":{"line":146,"column":15}},"loc":{"start":{"line":151,"column":41},"end":{"line":197,"column":null}}},"7":{"name":"(anonymous_8)","decl":{"start":{"line":168,"column":54},"end":{"line":168,"column":61}},"loc":{"start":{"line":168,"column":61},"end":{"line":168,"column":null}}},"8":{"name":"(anonymous_9)","decl":{"start":{"line":202,"column":2},"end":{"line":202,"column":15}},"loc":{"start":{"line":202,"column":76},"end":{"line":230,"column":null}}},"9":{"name":"(anonymous_10)","decl":{"start":{"line":213,"column":54},"end":{"line":213,"column":61}},"loc":{"start":{"line":213,"column":61},"end":{"line":213,"column":null}}},"10":{"name":"(anonymous_11)","decl":{"start":{"line":235,"column":2},"end":{"line":235,"column":15}},"loc":{"start":{"line":235,"column":90},"end":{"line":263,"column":null}}},"11":{"name":"(anonymous_12)","decl":{"start":{"line":246,"column":54},"end":{"line":246,"column":61}},"loc":{"start":{"line":246,"column":61},"end":{"line":246,"column":null}}},"12":{"name":"(anonymous_13)","decl":{"start":{"line":268,"column":2},"end":{"line":268,"column":15}},"loc":{"start":{"line":268,"column":110},"end":{"line":296,"column":null}}},"13":{"name":"(anonymous_14)","decl":{"start":{"line":279,"column":54},"end":{"line":279,"column":61}},"loc":{"start":{"line":279,"column":61},"end":{"line":279,"column":null}}},"14":{"name":"(anonymous_15)","decl":{"start":{"line":301,"column":2},"end":{"line":301,"column":15}},"loc":{"start":{"line":301,"column":138},"end":{"line":330,"column":null}}},"15":{"name":"(anonymous_16)","decl":{"start":{"line":313,"column":54},"end":{"line":313,"column":61}},"loc":{"start":{"line":313,"column":61},"end":{"line":313,"column":null}}},"16":{"name":"(anonymous_17)","decl":{"start":{"line":335,"column":2},"end":{"line":335,"column":17}},"loc":{"start":{"line":335,"column":40},"end":{"line":337,"column":null}}},"17":{"name":"(anonymous_18)","decl":{"start":{"line":342,"column":2},"end":{"line":342,"column":9}},"loc":{"start":{"line":342,"column":61},"end":{"line":351,"column":null}}},"18":{"name":"(anonymous_19)","decl":{"start":{"line":356,"column":2},"end":{"line":356,"column":15}},"loc":{"start":{"line":362,"column":6},"end":{"line":395,"column":null}}},"19":{"name":"(anonymous_20)","decl":{"start":{"line":373,"column":54},"end":{"line":373,"column":61}},"loc":{"start":{"line":373,"column":61},"end":{"line":373,"column":null}}}},"branchMap":{"0":{"loc":{"start":{"line":9,"column":21},"end":{"line":9,"column":null}},"type":"binary-expr","locations":[{"start":{"line":9,"column":21},"end":{"line":9,"column":52}},{"start":{"line":9,"column":56},"end":{"line":9,"column":null}}]},"1":{"loc":{"start":{"line":58,"column":6},"end":{"line":61,"column":null}},"type":"if","locations":[{"start":{"line":58,"column":6},"end":{"line":61,"column":null}},{"start":{},"end":{}}]},"2":{"loc":{"start":{"line":60,"column":24},"end":{"line":60,"column":93}},"type":"binary-expr","locations":[{"start":{"line":60,"column":24},"end":{"line":60,"column":40}},{"start":{"line":60,"column":44},"end":{"line":60,"column":93}}]},"3":{"loc":{"start":{"line":73,"column":15},"end":{"line":73,"column":null}},"type":"cond-expr","locations":[{"start":{"line":73,"column":40},"end":{"line":73,"column":53}},{"start":{"line":73,"column":56},"end":{"line":73,"column":null}}]},"4":{"loc":{"start":{"line":91,"column":6},"end":{"line":94,"column":null}},"type":"if","locations":[{"start":{"line":91,"column":6},"end":{"line":94,"column":null}},{"start":{},"end":{}}]},"5":{"loc":{"start":{"line":93,"column":24},"end":{"line":93,"column":93}},"type":"binary-expr","locations":[{"start":{"line":93,"column":24},"end":{"line":93,"column":40}},{"start":{"line":93,"column":44},"end":{"line":93,"column":93}}]},"6":{"loc":{"start":{"line":106,"column":15},"end":{"line":106,"column":null}},"type":"cond-expr","locations":[{"start":{"line":106,"column":40},"end":{"line":106,"column":53}},{"start":{"line":106,"column":56},"end":{"line":106,"column":null}}]},"7":{"loc":{"start":{"line":123,"column":6},"end":{"line":126,"column":null}},"type":"if","locations":[{"start":{"line":123,"column":6},"end":{"line":126,"column":null}},{"start":{},"end":{}}]},"8":{"loc":{"start":{"line":125,"column":24},"end":{"line":125,"column":93}},"type":"binary-expr","locations":[{"start":{"line":125,"column":24},"end":{"line":125,"column":40}},{"start":{"line":125,"column":44},"end":{"line":125,"column":93}}]},"9":{"loc":{"start":{"line":138,"column":15},"end":{"line":138,"column":null}},"type":"cond-expr","locations":[{"start":{"line":138,"column":40},"end":{"line":138,"column":53}},{"start":{"line":138,"column":56},"end":{"line":138,"column":null}}]},"10":{"loc":{"start":{"line":154,"column":6},"end":{"line":154,"column":null}},"type":"if","locations":[{"start":{"line":154,"column":6},"end":{"line":154,"column":null}},{"start":{},"end":{}}]},"11":{"loc":{"start":{"line":155,"column":6},"end":{"line":155,"column":null}},"type":"if","locations":[{"start":{"line":155,"column":6},"end":{"line":155,"column":null}},{"start":{},"end":{}}]},"12":{"loc":{"start":{"line":156,"column":6},"end":{"line":156,"column":null}},"type":"if","locations":[{"start":{"line":156,"column":6},"end":{"line":156,"column":null}},{"start":{},"end":{}}]},"13":{"loc":{"start":{"line":157,"column":6},"end":{"line":157,"column":null}},"type":"if","locations":[{"start":{"line":157,"column":6},"end":{"line":157,"column":null}},{"start":{},"end":{}}]},"14":{"loc":{"start":{"line":167,"column":6},"end":{"line":170,"column":null}},"type":"if","locations":[{"start":{"line":167,"column":6},"end":{"line":170,"column":null}},{"start":{},"end":{}}]},"15":{"loc":{"start":{"line":169,"column":24},"end":{"line":169,"column":93}},"type":"binary-expr","locations":[{"start":{"line":169,"column":24},"end":{"line":169,"column":40}},{"start":{"line":169,"column":44},"end":{"line":169,"column":93}}]},"16":{"loc":{"start":{"line":174,"column":14},"end":{"line":174,"column":null}},"type":"binary-expr","locations":[{"start":{"line":174,"column":14},"end":{"line":174,"column":25}},{"start":{"line":174,"column":29},"end":{"line":174,"column":null}}]},"17":{"loc":{"start":{"line":177,"column":20},"end":{"line":182,"column":null}},"type":"binary-expr","locations":[{"start":{"line":177,"column":20},"end":{"line":177,"column":37}},{"start":{"line":177,"column":41},"end":{"line":182,"column":null}}]},"18":{"loc":{"start":{"line":188,"column":15},"end":{"line":188,"column":null}},"type":"cond-expr","locations":[{"start":{"line":188,"column":40},"end":{"line":188,"column":53}},{"start":{"line":188,"column":56},"end":{"line":188,"column":null}}]},"19":{"loc":{"start":{"line":212,"column":6},"end":{"line":215,"column":null}},"type":"if","locations":[{"start":{"line":212,"column":6},"end":{"line":215,"column":null}},{"start":{},"end":{}}]},"20":{"loc":{"start":{"line":214,"column":24},"end":{"line":214,"column":93}},"type":"binary-expr","locations":[{"start":{"line":214,"column":24},"end":{"line":214,"column":40}},{"start":{"line":214,"column":44},"end":{"line":214,"column":93}}]},"21":{"loc":{"start":{"line":227,"column":15},"end":{"line":227,"column":null}},"type":"cond-expr","locations":[{"start":{"line":227,"column":40},"end":{"line":227,"column":53}},{"start":{"line":227,"column":56},"end":{"line":227,"column":null}}]},"22":{"loc":{"start":{"line":245,"column":6},"end":{"line":248,"column":null}},"type":"if","locations":[{"start":{"line":245,"column":6},"end":{"line":248,"column":null}},{"start":{},"end":{}}]},"23":{"loc":{"start":{"line":247,"column":24},"end":{"line":247,"column":93}},"type":"binary-expr","locations":[{"start":{"line":247,"column":24},"end":{"line":247,"column":40}},{"start":{"line":247,"column":44},"end":{"line":247,"column":93}}]},"24":{"loc":{"start":{"line":260,"column":15},"end":{"line":260,"column":null}},"type":"cond-expr","locations":[{"start":{"line":260,"column":40},"end":{"line":260,"column":53}},{"start":{"line":260,"column":56},"end":{"line":260,"column":null}}]},"25":{"loc":{"start":{"line":278,"column":6},"end":{"line":281,"column":null}},"type":"if","locations":[{"start":{"line":278,"column":6},"end":{"line":281,"column":null}},{"start":{},"end":{}}]},"26":{"loc":{"start":{"line":280,"column":24},"end":{"line":280,"column":93}},"type":"binary-expr","locations":[{"start":{"line":280,"column":24},"end":{"line":280,"column":40}},{"start":{"line":280,"column":44},"end":{"line":280,"column":93}}]},"27":{"loc":{"start":{"line":293,"column":15},"end":{"line":293,"column":null}},"type":"cond-expr","locations":[{"start":{"line":293,"column":40},"end":{"line":293,"column":53}},{"start":{"line":293,"column":56},"end":{"line":293,"column":null}}]},"28":{"loc":{"start":{"line":312,"column":6},"end":{"line":315,"column":null}},"type":"if","locations":[{"start":{"line":312,"column":6},"end":{"line":315,"column":null}},{"start":{},"end":{}}]},"29":{"loc":{"start":{"line":314,"column":24},"end":{"line":314,"column":93}},"type":"binary-expr","locations":[{"start":{"line":314,"column":24},"end":{"line":314,"column":40}},{"start":{"line":314,"column":44},"end":{"line":314,"column":93}}]},"30":{"loc":{"start":{"line":327,"column":15},"end":{"line":327,"column":null}},"type":"cond-expr","locations":[{"start":{"line":327,"column":40},"end":{"line":327,"column":53}},{"start":{"line":327,"column":56},"end":{"line":327,"column":null}}]},"31":{"loc":{"start":{"line":336,"column":11},"end":{"line":336,"column":null}},"type":"binary-expr","locations":[{"start":{"line":336,"column":11},"end":{"line":336,"column":58}},{"start":{"line":336,"column":58},"end":{"line":336,"column":null}}]},"32":{"loc":{"start":{"line":372,"column":6},"end":{"line":375,"column":null}},"type":"if","locations":[{"start":{"line":372,"column":6},"end":{"line":375,"column":null}},{"start":{},"end":{}}]},"33":{"loc":{"start":{"line":374,"column":24},"end":{"line":374,"column":93}},"type":"binary-expr","locations":[{"start":{"line":374,"column":24},"end":{"line":374,"column":40}},{"start":{"line":374,"column":44},"end":{"line":374,"column":93}}]},"34":{"loc":{"start":{"line":392,"column":15},"end":{"line":392,"column":null}},"type":"cond-expr","locations":[{"start":{"line":392,"column":40},"end":{"line":392,"column":53}},{"start":{"line":392,"column":56},"end":{"line":392,"column":null}}]}},"s":{"0":30,"1":2,"2":5,"3":5,"4":4,"5":2,"6":0,"7":2,"8":2,"9":2,"10":3,"11":3,"12":3,"13":3,"14":1,"15":0,"16":1,"17":2,"18":2,"19":1,"20":3,"21":3,"22":3,"23":1,"24":0,"25":1,"26":2,"27":2,"28":1,"29":4,"30":4,"31":4,"32":1,"33":4,"34":0,"35":4,"36":0,"37":4,"38":0,"39":4,"40":4,"41":1,"42":0,"43":1,"44":3,"45":3,"46":1,"47":3,"48":3,"49":3,"50":1,"51":0,"52":1,"53":2,"54":2,"55":1,"56":3,"57":3,"58":3,"59":1,"60":0,"61":1,"62":2,"63":2,"64":1,"65":0,"66":0,"67":0,"68":0,"69":0,"70":0,"71":0,"72":0,"73":0,"74":0,"75":0,"76":0,"77":0,"78":0,"79":0,"80":0,"81":0,"82":0,"83":21,"84":0,"85":0,"86":0,"87":0,"88":0,"89":0,"90":0,"91":0,"92":0,"93":0,"94":0,"95":0,"96":0,"97":0,"98":0,"99":0,"100":0},"f":{"0":5,"1":0,"2":3,"3":0,"4":3,"5":0,"6":4,"7":0,"8":3,"9":0,"10":3,"11":0,"12":0,"13":0,"14":0,"15":0,"16":21,"17":0,"18":0,"19":0},"b":{"0":[2,2],"1":[2,2],"2":[2,0],"3":[3,0],"4":[1,2],"5":[1,0],"6":[1,0],"7":[1,2],"8":[1,0],"9":[1,0],"10":[1,3],"11":[0,4],"12":[0,4],"13":[0,4],"14":[1,3],"15":[1,0],"16":[3,3],"17":[3,3],"18":[1,0],"19":[1,2],"20":[1,0],"21":[1,0],"22":[1,2],"23":[1,0],"24":[1,0],"25":[0,0],"26":[0,0],"27":[0,0],"28":[0,0],"29":[0,0],"30":[0,0],"31":[21,14],"32":[0,0],"33":[0,0],"34":[0,0]}}
,"C:\\Users\\abroa\\HealthIQ-AI-v5\\frontend\\app\\state\\analysisStore.ts": {"path":"C:\\Users\\abroa\\HealthIQ-AI-v5\\frontend\\app\\state\\analysisStore.ts","statementMap":{"0":{"start":{"line":82,"column":13},"end":{"line":82,"column":32}},"1":{"start":{"line":1,"column":23},"end":{"line":1,"column":null}},"2":{"start":{"line":2,"column":25},"end":{"line":2,"column":null}},"3":{"start":{"line":3,"column":32},"end":{"line":3,"column":null}},"4":{"start":{"line":82,"column":32},"end":{"line":351,"column":null}},"5":{"start":{"line":84,"column":19},"end":{"line":348,"column":null}},"6":{"start":{"line":99,"column":40},"end":{"line":99,"column":null}},"7":{"start":{"line":101,"column":34},"end":{"line":103,"column":null}},"8":{"start":{"line":101,"column":50},"end":{"line":103,"column":null}},"9":{"start":{"line":105,"column":31},"end":{"line":105,"column":null}},"10":{"start":{"line":107,"column":27},"end":{"line":107,"column":null}},"11":{"start":{"line":109,"column":27},"end":{"line":109,"column":null}},"12":{"start":{"line":111,"column":33},"end":{"line":111,"column":null}},"13":{"start":{"line":113,"column":40},"end":{"line":113,"column":null}},"14":{"start":{"line":115,"column":47},"end":{"line":115,"column":null}},"15":{"start":{"line":117,"column":43},"end":{"line":117,"column":null}},"16":{"start":{"line":119,"column":35},"end":{"line":119,"column":null}},"17":{"start":{"line":124,"column":36},"end":{"line":124,"column":null}},"18":{"start":{"line":125,"column":31},"end":{"line":125,"column":null}},"19":{"start":{"line":127,"column":8},"end":{"line":138,"column":null}},"20":{"start":{"line":128,"column":25},"end":{"line":128,"column":null}},"21":{"start":{"line":129,"column":10},"end":{"line":136,"column":null}},"22":{"start":{"line":137,"column":10},"end":{"line":137,"column":null}},"23":{"start":{"line":140,"column":8},"end":{"line":147,"column":null}},"24":{"start":{"line":149,"column":8},"end":{"line":222,"column":null}},"25":{"start":{"line":151,"column":27},"end":{"line":151,"column":null}},"26":{"start":{"line":153,"column":10},"end":{"line":155,"column":null}},"27":{"start":{"line":154,"column":12},"end":{"line":154,"column":null}},"28":{"start":{"line":157,"column":29},"end":{"line":157,"column":54}},"29":{"start":{"line":158,"column":43},"end":{"line":163,"column":null}},"30":{"start":{"line":165,"column":10},"end":{"line":171,"column":null}},"31":{"start":{"line":174,"column":10},"end":{"line":174,"column":null}},"32":{"start":{"line":177,"column":30},"end":{"line":207,"column":null}},"33":{"start":{"line":180,"column":14},"end":{"line":195,"column":null}},"34":{"start":{"line":181,"column":29},"end":{"line":181,"column":null}},"35":{"start":{"line":182,"column":16},"end":{"line":192,"column":null}},"36":{"start":{"line":183,"column":18},"end":{"line":183,"column":null}},"37":{"start":{"line":184,"column":23},"end":{"line":192,"column":null}},"38":{"start":{"line":185,"column":18},"end":{"line":185,"column":null}},"39":{"start":{"line":186,"column":23},"end":{"line":192,"column":null}},"40":{"start":{"line":187,"column":18},"end":{"line":191,"column":null}},"41":{"start":{"line":194,"column":16},"end":{"line":194,"column":null}},"42":{"start":{"line":198,"column":14},"end":{"line":198,"column":null}},"43":{"start":{"line":199,"column":14},"end":{"line":203,"column":null}},"44":{"start":{"line":206,"column":14},"end":{"line":206,"column":null}},"45":{"start":{"line":211,"column":10},"end":{"line":211,"column":null}},"46":{"start":{"line":214,"column":10},"end":{"line":221,"column":null}},"47":{"start":{"line":226,"column":22},"end":{"line":226,"column":null}},"48":{"start":{"line":227,"column":8},"end":{"line":237,"column":null}},"49":{"start":{"line":228,"column":10},"end":{"line":236,"column":null}},"50":{"start":{"line":241,"column":22},"end":{"line":241,"column":null}},"51":{"start":{"line":242,"column":8},"end":{"line":261,"column":null}},"52":{"start":{"line":243,"column":52},"end":{"line":249,"column":null}},"53":{"start":{"line":251,"column":10},"end":{"line":257,"column":null}},"54":{"start":{"line":260,"column":10},"end":{"line":260,"column":null}},"55":{"start":{"line":265,"column":22},"end":{"line":265,"column":null}},"56":{"start":{"line":266,"column":8},"end":{"line":282,"column":null}},"57":{"start":{"line":267,"column":49},"end":{"line":271,"column":null}},"58":{"start":{"line":273,"column":10},"end":{"line":278,"column":null}},"59":{"start":{"line":281,"column":10},"end":{"line":281,"column":null}},"60":{"start":{"line":287,"column":22},"end":{"line":287,"column":null}},"61":{"start":{"line":288,"column":8},"end":{"line":290,"column":null}},"62":{"start":{"line":289,"column":10},"end":{"line":289,"column":null}},"63":{"start":{"line":292,"column":8},"end":{"line":302,"column":null}},"64":{"start":{"line":306,"column":22},"end":{"line":306,"column":null}},"65":{"start":{"line":307,"column":8},"end":{"line":313,"column":null}},"66":{"start":{"line":308,"column":43},"end":{"line":311,"column":null}},"67":{"start":{"line":312,"column":10},"end":{"line":312,"column":null}},"68":{"start":{"line":318,"column":22},"end":{"line":318,"column":null}},"69":{"start":{"line":319,"column":8},"end":{"line":319,"column":null}},"70":{"start":{"line":319,"column":54},"end":{"line":319,"column":null}},"71":{"start":{"line":323,"column":22},"end":{"line":323,"column":null}},"72":{"start":{"line":324,"column":8},"end":{"line":324,"column":null}},"73":{"start":{"line":328,"column":22},"end":{"line":328,"column":null}},"74":{"start":{"line":329,"column":8},"end":{"line":329,"column":null}},"75":{"start":{"line":333,"column":22},"end":{"line":333,"column":null}},"76":{"start":{"line":334,"column":25},"end":{"line":334,"column":46}},"77":{"start":{"line":335,"column":26},"end":{"line":335,"column":null}},"78":{"start":{"line":335,"column":47},"end":{"line":335,"column":null}},"79":{"start":{"line":336,"column":23},"end":{"line":336,"column":null}},"80":{"start":{"line":336,"column":44},"end":{"line":336,"column":null}},"81":{"start":{"line":337,"column":23},"end":{"line":339,"column":null}},"82":{"start":{"line":338,"column":20},"end":{"line":338,"column":null}},"83":{"start":{"line":339,"column":27},"end":{"line":339,"column":null}},"84":{"start":{"line":341,"column":8},"end":{"line":346,"column":null}},"85":{"start":{"line":345,"column":68},"end":{
[...]
":null}},"36":{"start":{"line":270,"column":59},"end":{"line":270,"column":null}},"37":{"start":{"line":275,"column":38},"end":{"line":286,"column":null}},"38":{"start":{"line":276,"column":31},"end":{"line":276,"column":null}},"39":{"start":{"line":276,"column":61},"end":{"line":276,"column":null}},"40":{"start":{"line":277,"column":10},"end":{"line":284,"column":null}},"41":{"start":{"line":278,"column":12},"end":{"line":283,"column":null}},"42":{"start":{"line":280,"column":16},"end":{"line":280,"column":null}},"43":{"start":{"line":285,"column":10},"end":{"line":285,"column":null}},"44":{"start":{"line":288,"column":40},"end":{"line":291,"column":null}},"45":{"start":{"line":288,"column":56},"end":{"line":291,"column":null}},"46":{"start":{"line":289,"column":55},"end":{"line":289,"column":null}},"47":{"start":{"line":293,"column":34},"end":{"line":293,"column":null}},"48":{"start":{"line":297,"column":21},"end":{"line":297,"column":85}},"49":{"start":{"line":298,"column":34},"end":{"line":298,"column":null}},"50":{"start":{"line":300,"column":10},"end":{"line":302,"column":null}},"51":{"start":{"line":300,"column":26},"end":{"line":302,"column":null}},"52":{"start":{"line":304,"column":10},"end":{"line":304,"column":null}},"53":{"start":{"line":307,"column":28},"end":{"line":309,"column":null}},"54":{"start":{"line":307,"column":44},"end":{"line":309,"column":null}},"55":{"start":{"line":308,"column":43},"end":{"line":308,"column":null}},"56":{"start":{"line":311,"column":30},"end":{"line":311,"column":null}},"57":{"start":{"line":315,"column":21},"end":{"line":315,"column":85}},"58":{"start":{"line":316,"column":34},"end":{"line":316,"column":null}},"59":{"start":{"line":318,"column":10},"end":{"line":320,"column":null}},"60":{"start":{"line":318,"column":26},"end":{"line":320,"column":null}},"61":{"start":{"line":323,"column":10},"end":{"line":327,"column":null}},"62":{"start":{"line":324,"column":12},"end":{"line":326,"column":null}},"63":{"start":{"line":325,"column":14},"end":{"line":325,"column":null}},"64":{"start":{"line":329,"column":10},"end":{"line":329,"column":null}},"65":{"start":{"line":332,"column":29},"end":{"line":334,"column":null}},"66":{"start":{"line":332,"column":45},"end":{"line":334,"column":null}},"67":{"start":{"line":333,"column":43},"end":{"line":333,"column":null}},"68":{"start":{"line":336,"column":27},"end":{"line":336,"column":null}},"69":{"start":{"line":339,"column":39},"end":{"line":339,"column":null}},"70":{"start":{"line":341,"column":38},"end":{"line":343,"column":null}},"71":{"start":{"line":341,"column":54},"end":{"line":343,"column":null}},"72":{"start":{"line":346,"column":24},"end":{"line":346,"column":null}},"73":{"start":{"line":347,"column":10},"end":{"line":349,"column":null}},"74":{"start":{"line":348,"column":12},"end":{"line":348,"column":null}},"75":{"start":{"line":350,"column":10},"end":{"line":350,"column":null}},"76":{"start":{"line":350,"column":91},"end":{"line":350,"column":null}},"77":{"start":{"line":354,"column":35},"end":{"line":354,"column":null}},"78":{"start":{"line":356,"column":34},"end":{"line":358,"column":null}},"79":{"start":{"line":356,"column":50},"end":{"line":358,"column":null}},"80":{"start":{"line":361,"column":10},"end":{"line":367,"column":null}},"81":{"start":{"line":362,"column":12},"end":{"line":364,"column":null}},"82":{"start":{"line":362,"column":28},"end":{"line":364,"column":null}},"83":{"start":{"line":366,"column":12},"end":{"line":366,"column":null}},"84":{"start":{"line":372,"column":24},"end":{"line":372,"column":null}},"85":{"start":{"line":373,"column":10},"end":{"line":373,"column":null}},"86":{"start":{"line":377,"column":24},"end":{"line":377,"column":null}},"87":{"start":{"line":378,"column":10},"end":{"line":378,"column":null}},"88":{"start":{"line":382,"column":24},"end":{"line":382,"column":null}},"89":{"start":{"line":383,"column":10},"end":{"line":383,"column":null}},"90":{"start":{"line":387,"column":24},"end":{"line":387,"column":null}},"91":{"start":{"line":388,"column":10},"end":{"line":388,"column":null}},"92":{"start":{"line":388,"column":39},"end":{"line":388,"column":null}},"93":{"start":{"line":389,"column":10},"end":{"line":389,"column":null}},"94":{"start":{"line":389,"column":39},"end":{"line":389,"column":null}},"95":{"start":{"line":390,"column":10},"end":{"line":390,"column":null}},"96":{"start":{"line":395,"column":32},"end":{"line":399,"column":null}}},"fnMap":{"0":{"name":"(anonymous_1)","decl":{"start":{"line":180,"column":6},"end":{"line":180,"column":7}},"loc":{"start":{"line":180,"column":21},"end":{"line":392,"column":null}}},"1":{"name":"(anonymous_2)","decl":{"start":{"line":207,"column":24},"end":{"line":207,"column":25}},"loc":{"start":{"line":207,"column":34},"end":{"line":207,"column":null}}},"2":{"name":"(anonymous_3)","decl":{"start":{"line":209,"column":23},"end":{"line":209,"column":29}},"loc":{"start":{"line":209,"column":29},"end":{"line":209,"column":null}}},"3":{"name":"(anonymous_4)","decl":{"start":{"line":209,"column":33},"end":{"line":209,"column":34}},"loc":{"start":{"line":209,"column":45},"end":{"line":209,"column":null}}},"4":{"name":"(anonymous_5)","decl":{"start":{"line":211,"column":29},"end":{"line":211,"column":30}},"loc":{"start":{"line":211,"column":44},"end":{"line":211,"column":null}}},"5":{"name":"(anonymous_6)","decl":{"start":{"line":213,"column":25},"end":{"line":213,"column":26}},"loc":{"start":{"line":213,"column":37},"end":{"line":213,"column":null}}},"6":{"name":"(anonymous_7)","decl":{"start":{"line":215,"column":25},"end":{"line":215,"column":26}},"loc":{"start":{"line":215,"column":37},"end":{"line":215,"column":null}}},"7":{"name":"(anonymous_8)","decl":{"start":{"line":218,"column":18},"end":{"line":218,"column":19}},"loc":{"start":{"line":218,"column":19},"end":{"line":222,"column":null}}},"8":{"name":"(anonymous_9)","decl":{"start":{"line":224,"column":21},"end":{"line":224,"column":null}},"loc":{"start":{"line":224,"column":21},"end":{"line":228,"column":null}}},"9":{"name":"(anonymous_10)","decl":{"start":{"line":230,"column":24},"end":{"line":230,"column":25}},"loc":{"start":{"line":230,"column":25},"end":{"line":234,"column":null}}},"10":{"name":"(anonymous_11)","decl":{"start":{"line":237,"column":21},"end":{"line":237,"column":22}},"loc":{"start":{"line":237,"column":35},"end":{"line":237,"column":null}}},"11":{"name":"(anonymous_12)","decl":{"start":{"line":239,"column":24},"end":{"line":239,"column":25}},"loc":{"start":{"line":239,"column":37},"end":{"line":241,"column":null}}},"12":{"name":"(anonymous_13)","decl":{"start":{"line":239,"column":41},"end":{"line":239,"column":42}},"loc":{"start":{"line":239,"column":53},"end":{"line":241,"column":null}}},"13":{"name":"(anonymous_14)","decl":{"start":{"line":244,"column":24},"end":{"line":244,"column":25}},"loc":{"start":{"line":244,"column":37},"end":{"line":246,"column":null}}},"14":{"name":"(anonymous_15)","decl":{"start":{"line":244,"column":41},"end":{"line":244,"column":42}},"loc":{"start":{"line":244,"column":53},"end":{"line":246,"column":null}}},"15":{"name":"(anonymous_16)","decl":{"start":{"line":248,"column":26},"end":{"line":248,"column":32}},"loc":{"start":{"line":248,"column":32},"end":{"line":248,"column":null}}},"16":{"name":"(anonymous_17)","decl":{"start":{"line":251,"column":25},"end":{"line":251,"column":26}},"loc":{"start":{"line":251,"column":26},"end":{"line":264,"column":null}}},"17":{"name":"(anonymous_18)","decl":{"start":{"line":260,"column":14},"end":{"line":260,"column":15}},"loc":{"start":{"line":260,"column":26},"end":{"line":263,"column":null}}},"18":{"name":"(anonymous_19)","decl":{"start":{"line":266,"column":28},"end":{"line":266,"column":29}},"loc":{"start":{"line":266,"column":36},"end":{"line":273,"column":null}}},"19":{"name":"(anonymous_20)","decl":{"start":{"line":266,"column":40},"end":{"line":266,"column":41}},"loc":{"start":{"line":266,"column":41},"end":{"line":273,"column":null}}},"20":{"name":"(anonymous_21)","decl":{"start":{"line":267,"column":56},"end":{"line":267,"column":61}},"loc":{"start":{"line":267,"column":61},"end":{"line":267,"column":null}}},"21":{"name":"(anonymous_22)","decl":{"start":{"line":270,"column":54},"end":{"line":270,"column":59}},"loc":{"start":{"line":270,"column":59},"end":{"line":270,"column":null}}},"22":{"name":"(anonymous_23)","decl":{"start":{"line":275,"column":30},"end":{"line":275,"column":31}},"loc":{"start":{"line":275,"column":38},"end":{"line":286,"column":null}}},"23":{"name":"(anonymous_24)","decl":{"start":{"line":275,"column":42},"end":{"line":275,"column":43}},"loc":{"start":{"line":275,"column":43},"end":{"line":286,"column":null}}},"24":{"name":"(anonymous_25)","decl":{"start":{"line":276,"column":56},"end":{"line":276,"column":61}},"loc":{"start":{"line":276,"column":61},"end":{"line":276,"column":null}}},"25":{"name":"(anonymous_26)","decl":{"start":{"line":279,"column":53},"end":{"line":279,"column":null}},"loc":{"start":{"line":280,"column":16},"end":{"line":280,"column":null}}},"26":{"name":"(anonymous_27)","decl":{"start":{"line":288,"column":34},"end":{"line":288,"column":40}},"loc":{"start":{"line":288,"column":40},"end":{"line":291,"column":null}}},"27":{"name":"(anonymous_28)","decl":{"start":{"line":288,"column":44},"end":{"line":288,"column":45}},"loc":{"start":{"line":288,"column":56},"end":{"line":291,"column":null}}},"28":{"name":"(anonymous_29)","decl":{"start":{"line":289,"column":49},"end":{"line":289,"column":55}},"loc":{"start":{"line":289,"column":55},"end":{"line":289,"column":null}}},"29":{"name":"(anonymous_30)","decl":{"start":{"line":293,"column":28},"end":{"line":293,"column":34}},"loc":{"start":{"line":293,"column":34},"end":{"line":293,"column":null}}},"30":{"name":"(anonymous_31)","decl":{"start":{"line":296,"column":19},"end":{"line":296,"column":20}},"loc":{"start":{"line":296,"column":20},"end":{"line":305,"column":null}}},"31":{"name":"(anonymous_32)","decl":{"start":{"line":300,"column":14},"end":{"line":300,"column":15}},"loc":{"start":{"line":300,"column":26},"end":{"line":302,"column":null}}},"32":{"name":"(anonymous_33)","decl":{"start":{"line":307,"column":20},"end":{"line":307,"column":21}},"loc":{"start":{"line":307,"column":28},"end":{"line":309,"column":null}}},"33":{"name":"(anonymous_34)","decl":{"start":{"line":307,"column":32},"end":{"line":307,"column":33}},"loc":{"start":{"line":307,"column":44},"end":{"line":309,"column":null}}},"34":{"name":"(anonymous_35)","decl":{"start":{"line":308,"column":38},"end":{"line":308,"column":43}},"loc":{"start":{"line":308,"column":43},"end":{"line":308,"column":null}}},"35":{"name":"(anonymous_36)","decl":{"start":{"line":311,"column":24},"end":{"line":311,"column":30}},"loc":{"start":{"line":311,"column":30},"end":{"line":311,"column":null}}},"36":{"name":"(anonymous_37)","decl":{"start":{"line":314,"column":18},"end":{"line":314,"column":19}},"loc":{"start":{"line":314,"column":19},"end":{"line":330,"column":null}}},"37":{"name":"(anonymous_38)","decl":{"start":{"line":318,"column":14},"end":{"line":318,"column":15}},"loc":{"start":{"line":318,"column":26},"end":{"line":320,"column":null}}},"38":{"name":"(anonymous_39)","decl":{"start":{"line":324,"column":23},"end":{"line":324,"column":null}},"loc":{"start":{"line":324,"column":23},"end":{"line":326,"column":15}}},"39":{"name":"(anonymous_40)","decl":{"start":{"line":332,"column":21},"end":{"line":332,"column":22}},"loc":{"start":{"line":332,"column":29},"end":{"line":334,"column":null}}},"40":{"name":"(anonymous_41)","decl":{"start":{"line":332,"column":33},"end":{"line":332,"column":34}},"loc":{"start":{"line":332,"column":45},"end":{"line":334,"column":null}}},"41":{"name":"(anonymous_42)","decl":{"start":{"line":333,"column":38},"end":{"line":333,"column":43}},"loc":{"start":{"line":333,"column":43},"end":{"line":333,"column":null}}},"42":{"name":"(anonymous_43)","decl":{"start":{"line":336,"column":21},"end":{"line":336,"column":27}},"loc":{"start":{"line":336,"column":27},"end":{"line":336,"column":null}}},"43":{"name":"(anonymous_44)","decl":{"start":{"line":339,"column":26},"end":{"line":339,"column":27}},"loc":{"start":{"line":339,"column":39},"end":{"line":339,"column":null}}},"44":{"name":"(anonymous_45)","decl":{"start":{"line":341,"column":20},"end":{"line":341,"column":21}},"loc":{"start":{"line":341,"column":38},"end":{"line":343,"column":null}}},"45":{"name":"(anonymous_46)","decl":{"start":{"line":341,"column":42},"end":{"line":341,"column":43}},"loc":{"start":{"line":341,"column":54},"end":{"line":343,"column":null}}},"46":{"name":"(anonymous_47)","decl":{"start":{"line":345,"column":19},"end":{"line":345,"column":20}},"loc":{"start":{"line":345,"column":20},"end":{"line":351,"column":null}}},"47":{"name":"(anonymous_48)","decl":{"start":{"line":350,"column":80},"end":{"line":350,"column":91}},"loc":{"start":{"line":350,"column":91},"end":{"line":350,"column":null}}},"48":{"name":"(anonymous_49)","decl":{"start":{"line":354,"column":24},"end":{"line":354,"column":25}},"loc":{"start":{"line":354,"column":35},"end":{"line":354,"column":null}}},"49":{"name":"(anonymous_50)","decl":{"start":{"line":356,"column":18},"end":{"line":356,"column":19}},"loc":{"start":{"line":356,"column":34},"end":{"line":358,"column":null}}},"50":{"name":"(anonymous_51)","decl":{"start":{"line":356,"column":38},"end":{"line":356,"column":39}},"loc":{"start":{"line":356,"column":50},"end":{"line":358,"column":null}}},"51":{"name":"(anonymous_52)","decl":{"start":{"line":360,"column":20},"end":{"line":360,"column":21}},"loc":{"start":{"line":360,"column":21},"end":{"line":368,"column":null}}},"52":{"name":"(anonymous_53)","decl":{"start":{"line":362,"column":16},"end":{"line":362,"column":17}},"loc":{"start":{"line":362,"column":28},"end":{"line":364,"column":null}}},"53":{"name":"(anonymous_54)","decl":{"start":{"line":371,"column":18},"end":{"line":371,"column":null}},"loc":{"start":{"line":371,"column":18},"end":{"line":374,"column":null}}},"54":{"name":"(anonymous_55)","decl":{"start":{"line":376,"column":18},"end":{"line":376,"column":null}},"loc":{"start":{"line":376,"column":18},"end":{"line":379,"column":null}}},"55":{"name":"(anonymous_56)","decl":{"start":{"line":381,"column":19},"end":{"line":381,"column":null}},"loc":{"start":{"line":381,"column":19},"end":{"line":384,"column":null}}},"56":{"name":"(anonymous_57)","decl":{"start":{"line":386,"column":28},"end":{"line":386,"column":29}},"loc":{"start":{"line":386,"column":29},"end":{"line":391,"column":null}}},"57":{"name":"(anonymous_58)","decl":{"start":{"line":395,"column":20},"end":{"line":395,"column":21}},"loc":{"start":{"line":395,"column":32},"end":{"line":399,"column":null}}}},"branchMap":{"0":{"loc":{"start":{"line":190,"column":17},"end":{"line":190,"column":null}},"type":"cond-expr","locations":[{"start":{"line":190,"column":49},"end":{"line":190,"column":66}},{"start":{"line":190,"column":69},"end":{"line":190,"column":null}}]},"1":{"loc":{"start":{"line":191,"column":18},"end":{"line":191,"column":null}},"type":"cond-expr","locations":[{"start":{"line":191,"column":50},"end":{"line":191,"column":68}},{"start":{"line":191,"column":71},"end":{"line":191,"column":null}}]},"2":{"loc":{"start":{"line":220,"column":30},"end":{"line":220,"column":null}},"type":"cond-expr","locations":[{"start":{"line":220,"column":51},"end":{"line":220,"column":68}},{"start":{"line":220,"column":71},"end":{"line":220,"column":null}}]},"3":{"loc":{"start":{"line":226,"column":27},"end":{"line":226,"column":null}},"type":"cond-expr","locations":[{"start":{"line":226,"column":59},"end":{"line":226,"column":68}},{"start":{"line":226,"column":68},"end":{"line":226,"column":null}}]},"4":{"loc":{"start":{"line":232,"column":30},"end":{"line":232,"column":82}},"type":"cond-expr","locations":[{"start":{"line":232,"column":57},"end":{"line":232,"column":65}},{"start":{"line":232,"column":65},"end":{"line":232,"column":82}}]},"5":{"loc":{"start":{"line":268,"column":28},"end":{"line":268,"column":62}},"type":"binary-expr","locations":[{"start":{"line":268,"column":28},"end":{"line":268,"column":44}},{"start":{"line":268,"column":44},"end":{"line":268,"column":62}}]},"6":{"loc":{"start":{"line":271,"column":25},"end":{"line":271,"column":78}},"type":"cond-expr","locations":[{"start":{"line":271,"column":37},"end":{"line":271,"column":61}},{"start":{"line":271,"column":61},"end":{"line":271,"column":78}}]},"7":{"loc":{"start":{"line":277,"column":10},"end":{"line":284,"column":null}},"type":"if","locations":[{"start":{"line":277,"column":10},"end":{"line":284,"column":null}},{"start":{},"end":{}}]},"8":{"loc":{"start":{"line":277,"column":14},"end":{"line":277,"column":48}},"type":"binary-expr","locations":[{"start":{"line":277,"column":14},"end":{"line":277,"column":30}},{"start":{"line":277,"column":30},"end":{"line":277,"column":48}}]},"9":{"loc":{"start":{"line":280,"column":16},"end":{"line":280,"column":null}},"type":"cond-expr","locations":[{"start":{"line":280,"column":30},"end":{"line":280,"column":53}},{"start":{"line":280,"column":53},"end":{"line":280,"column":null}}]},"10":{"loc":{"start":{"line":323,"column":10},"end":{"line":327,"column":null}},"type":"if","locations":[{"start":{"line":323,"column":10},"end":{"line":327,"column":null}},{"start":{},"end":{}}]},"11":{"loc":{"start":{"line":347,"column":10},"end":{"line":349,"column":null}},"type":"if","locations":[{"start":{"line":347,"column":10},"end":{"line":349,"column":null}},{"start":{},"end":{}}]},"12":{"loc":{"start":{"line":348,"column":19},"end":{"line":348,"column":null}},"type":"binary-expr","locations":[{"start":{"line":348,"column":19},"end":{"line":348,"column":43}},{"start":{"line":348,"column":47},"end":{"line":348,"column":null}}]},"13":{"loc":{"start":{"line":350,"column":17},"end":{"line":350,"column":null}},"type":"binary-expr","locations":[{"start":{"line":350,"column":17},"end":{"line":350,"column":36}},{"start":{"line":350,"column":40},"end":{"line":350,"column":null}}]},"14":{"loc":{"start":{"line":361,"column":10},"end":{"line":367,"column":null}},"type":"if","locations":[{"start":{"line":361,"column":10},"end":{"line":367,"column":null}},{"start":{"line":365,"column":17},"end":{"line":367,"column":null}}]},"15":{"loc":{"start":{"line":388,"column":10},"end":{"line":388,"column":null}},"type":"if","locations":[{"start":{"line":388,"column":10},"end":{"line":388,"column":null}},{"start":{},"end":{}}]},"16":{"loc":{"start":{"line":389,"column":10},"end":{"line":389,"column":null}},"type":"if","locations":[{"start":{"line":389,"column":10},"end":{"line":389,"column":null}},{"start":{},"end":{}}]}},"s":{"0":71,"1":2,"2":2,"3":2,"4":2,"5":2,"6":1,"7":0,"8":0,"9":0,"10":0,"11":0,"12":2,"13":2,"14":2,"15":0,"16":0,"17":0,"18":0,"19":0,"20":0,"21":0,"22":1,"23":1,"24":0,"25":0,"26":0,"27":4,"28":4,"29":4,"30":4,"31":0,"32":0,"33":0,"34":0,"35":0,"36":0,"37":0,"38":0,"39":0,"40":0,"41":0,"42":0,"43":0,"44":0,"45":0,"46":0,"47":0,"48":2,"49":2,"50":2,"51":2,"52":2,"53":0,"54":0,"55":0,"56":0,"57":0,"58":0,"59":0,"60":0,"61":0,"62":0,"63":0,"64":0,"65":0,"66":0,"67":0,"68":0,"69":0,"70":2,"71":2,"72":2,"73":2,"74":2,"75":0,"76":0,"77":0,"78":3,"79":3,"80":0,"81":0,"82":0,"83":0,"84":0,"85":0,"86":0,"87":0,"88":0,"89":0,"90":0,"91":0,"92":0,"93":0,"94":0,"95":0,"96":15},"f":{"0":2,"1":1,"2":0,"3":0,"4":0,"5":0,"6":0,"7":2,"8":0,"9":0,"10":0,"11":1,"12":1,"13":0,"14":0,"15":0,"16":4,"17":4,"18":0,"19":0,"20":0,"21":0,"22":0,"23":0,"24":0,"25":0,"26":0,"27":0,"28":0,"29":0,"30":2,"31":2,"32":0,"33":0,"34":0,"35":0,"36":0,"37":0,"38":0,"39":0,"40":0,"41":0,"42":0,"43":0,"44":2,"45":2,"46":2,"47":0,"48":0,"49":3,"50":3,"51":0,"52":0,"53":0,"54":0,"55":0,"56":0,"57":15},"b":{"0":[2,0],"1":[2,0],"2":[0,2],"3":[0,0],"4":[0,0],"5":[0,0],"6":[0,0],"7":[0,0],"8":[0,0],"9":[0,0],"10":[0,0],"11":[2,0],"12":[2,1],"13":[0,0],"14":[0,0],"15":[0,0],"16":[0,0]}}
}
