TN:
SF:app\error.tsx
FN:3,Error
FNF:1
FNH:1
FNDA:12,Error
DA:3,3
LF:1
LH:1
BRDA:15,0,0,12
BRDA:15,0,1,0
BRF:2
BRH:1
end_of_record
TN:
SF:app\loading.tsx
FN:1,Loading
FNF:1
FNH:1
FNDA:2,Loading
DA:1,2
LF:1
LH:1
BRF:0
BRH:0
end_of_record
TN:
SF:app\not-found.tsx
FN:1,NotFound
FNF:1
FNH:1
FNDA:3,NotFound
DA:1,3
LF:1
LH:1
BRF:0
BRH:0
end_of_record
TN:
SF:app\.storybook\main.ts
FNF:0
FNH:0
DA:3,0
DA:22,0
LF:2
LH:0
BRF:0
BRH:0
end_of_record
TN:
SF:app\.storybook\preview.ts
FNF:0
FNH:0
DA:2,0
DA:4,0
DA:16,0
LF:3
LH:0
BRF:0
BRH:0
end_of_record
TN:
SF:app\components\DevApiProbe.tsx
FN:9,DevApiProbe
FN:20,log
FN:21,(anonymous_4)
FN:24,handlePing
FN:36,handleStartSSE
FN:40,(anonymous_7)
FN:41,(anonymous_8)
FN:42,(anonymous_9)
FN:56,handleStopSSE
FN:64,handleStartAnalysis
FN:115,handleFetchResult
FN:125,(anonymous_13)
FN:126,(anonymous_14)
FN:152,(anonymous_15)
FN:153,(anonymous_16)
FN:157,(anonymous_17)
FNF:16
FNH:3
FNDA:13,DevApiProbe
FNDA:0,log
FNDA:0,(anonymous_4)
FNDA:0,handlePing
FNDA:0,handleStartSSE
FNDA:0,(anonymous_7)
FNDA:0,(anonymous_8)
FNDA:0,(anonymous_9)
FNDA:0,handleStopSSE
FNDA:0,handleStartAnalysis
FNDA:0,handleFetchResult
FNDA:13,(anonymous_13)
FNDA:13,(anonymous_14)
FNDA:0,(anonymous_15)
FNDA:0,(anonymous_16)
FNDA:0,(anonymous_17)
DA:3,1
DA:4,1
DA:5,1
DA:6,1
DA:7,1
DA:9,13
DA:10,13
DA:11,13
DA:12,13
DA:13,13
DA:16,13
DA:17,13
DA:18,13
DA:21,0
DA:25,0
DA:26,0
DA:27,0
DA:28,0
DA:29,0
DA:31,0
DA:32,0
DA:37,0
DA:38,0
DA:39,0
DA:40,0
DA:41,0
DA:42,0
DA:43,0
DA:44,0
DA:45,0
DA:46,0
DA:47,0
DA:48,0
DA:51,0
DA:57,0
DA:58,0
DA:59,0
DA:60,0
DA:65,0
DA:66,0
DA:75,0
DA:78,0
DA:80,0
DA:89,0
DA:90,0
DA:91,0
DA:92,0
DA:95,0
DA:98,0
DA:99,0
DA:105,0
DA:116,0
DA:117,0
DA:118,0
DA:119,0
DA:121,0
DA:125,13
DA:126,13
DA:152,0
DA:153,0
DA:157,0
LF:61
LH:15
BRDA:31,0,0,0
BRDA:31,0,1,0
BRDA:37,1,0,0
BRDA:37,1,1,0
BRDA:45,2,0,0
BRDA:45,2,1,0
BRDA:46,3,0,0
BRDA:46,3,1,0
BRDA:57,4,0,0
BRDA:57,4,1,0
BRDA:90,5,0,0
BRDA:90,5,1,0
BRDA:95,6,0,0
BRDA:95,6,1,0
BRDA:98,7,0,0
BRDA:98,7,1,0
BRDA:100,8,0,0
BRDA:100,8,1,0
BRDA:116,9,0,0
BRDA:116,9,1,0
BRDA:121,10,0,0
BRDA:121,10,1,0
BRDA:126,11,0,0
BRDA:126,11,1,13
BRDA:157,12,0,13
BRDA:157,12,1,0
BRDA:161,13,0,13
BRDA:161,13,1,13
BRF:28
BRH:4
end_of_record
TN:
SF:app\components\biomarkers\BiomarkerChart.tsx
FN:2,BiomarkerChart
FNF:1
FNH:0
FNDA:0,BiomarkerChart
DA:2,0
LF:1
LH:0
BRF:0
BRH:0
end_of_record
TN:
SF:app\components\clusters\ClusterCard.tsx
FN:2,ClusterCard
FNF:1
FNH:0
FNDA:0,ClusterCard
DA:2,0
LF:1
LH:0
BRF:0
BRH:0
end_of_record
TN:
SF:app\components\insights\InsightPanel.tsx
FN:2,InsightPanel
FNF:1
FNH:0
FNDA:0,InsightPanel
DA:2,0
LF:1
LH:0
BRF:0
BRH:0
end_of_record
TN:
SF:app\components\pipeline\PipelineStatus.tsx
FN:2,PipelineStatus
FNF:1
FNH:0
FNDA:0,PipelineStatus
DA:2,0
LF:1
LH:0
BRF:0
BRH:0
end_of_record
TN:
SF:app\lib\api.ts
FN:4,pingHealth
FN:9,openAnalysisSSE
FN:16,startAnalysis
FN:29,getAnalysisResult
FNF:4
FNH:0
FNDA:0,pingHealth
FNDA:0,openAnalysisSSE
FNDA:0,startAnalysis
FNDA:0,getAnalysisResult
DA:2,2
DA:4,0
DA:5,0
DA:6,0
DA:9,0
DA:10,0
DA:13,0
DA:16,0
DA:20,0
DA:25,0
DA:26,0
DA:29,0
DA:30,0
DA:31,0
DA:32,0
DA:33,0
LF:16
LH:1
BRDA:2,0,0,2
BRDA:2,0,1,2
BRDA:25,1,0,0
BRDA:25,1,1,0
BRDA:32,2,0,0
BRDA:32,2,1,0
BRF:6
BRH:2
end_of_record
TN:
SF:app\services\analysis.ts
FN:15,(anonymous_1)
FN:26,(anonymous_2)
FN:48,(anonymous_3)
FN:58,(anonymous_4)
FN:80,(anonymous_5)
FN:90,(anonymous_6)
FN:100,(anonymous_7)
FN:105,(anonymous_8)
FN:116,(anonymous_9)
FN:154,(anonymous_10)
FN:188,(anonymous_11)
FN:219,(anonymous_12)
FNF:12
FNH:7
FNDA:5,(anonymous_1)
FNDA:0,(anonymous_2)
FNDA:3,(anonymous_3)
FNDA:0,(anonymous_4)
FNDA:1,(anonymous_5)
FNDA:0,(anonymous_6)
FNDA:0,(anonymous_7)
FNDA:0,(anonymous_8)
FNDA:6,(anonymous_9)
FNDA:7,(anonymous_10)
FNDA:2,(anonymous_11)
FNDA:2,(anonymous_12)
DA:9,3
DA:11,26
DA:16,5
DA:17,5
DA:25,4
DA:26,2
DA:27,2
DA:30,2
DA:31,2
DA:37,3
DA:49,3
DA:50,3
DA:57,3
DA:58,1
DA:59,1
DA:62,2
DA:63,2
DA:69,1
DA:86,1
DA:90,1
DA:91,0
DA:92,0
DA:93,0
DA:95,0
DA:96,0
DA:100,1
DA:101,0
DA:102,0
DA:105,1
DA:106,0
DA:107,0
DA:110,1
DA:117,6
DA:119,6
DA:120,1
DA:121,1
DA:124,5
DA:126,5
DA:127,1
DA:130,5
DA:131,7
DA:132,0
DA:133,0
DA:136,7
DA:137,2
DA:140,7
DA:141,1
DA:145,5
DA:155,7
DA:157,7
DA:158,0
DA:159,0
DA:162,7
DA:163,2
DA:166,7
DA:167,2
DA:170,7
DA:171,1
DA:174,7
DA:175,1
DA:178,7
DA:189,2
DA:191,2
DA:201,2
DA:207,0
DA:220,2
DA:222,2
DA:228,0
LF:68
LH:53
BRDA:9,0,0,3
BRDA:9,0,1,3
BRDA:25,1,0,2
BRDA:25,1,1,2
BRDA:27,2,0,2
BRDA:27,2,1,0
BRDA:40,3,0,3
BRDA:40,3,1,0
BRDA:57,4,0,1
BRDA:57,4,1,2
BRDA:59,5,0,1
BRDA:59,5,1,0
BRDA:72,6,0,1
BRDA:72,6,1,0
BRDA:119,7,0,1
BRDA:119,7,1,5
BRDA:119,8,0,6
BRDA:119,8,1,5
BRDA:126,9,0,1
BRDA:126,9,1,4
BRDA:131,10,0,0
BRDA:131,10,1,7
BRDA:131,11,0,7
BRDA:131,11,1,7
BRDA:136,12,0,2
BRDA:136,12,1,5
BRDA:136,13,0,7
BRDA:136,13,1,7
BRDA:140,14,0,1
BRDA:140,14,1,6
BRDA:140,15,0,7
BRDA:140,15,1,6
BRDA:157,16,0,0
BRDA:157,16,1,7
BRDA:157,17,0,7
BRDA:157,17,1,7
BRDA:162,18,0,2
BRDA:162,18,1,5
BRDA:162,19,0,7
BRDA:162,19,1,7
BRDA:162,19,2,5
BRDA:166,20,0,2
BRDA:166,20,1,5
BRDA:170,21,0,1
BRDA:170,21,1,6
BRDA:170,22,0,7
BRDA:170,22,1,2
BRDA:170,22,2,2
BRDA:174,23,0,1
BRDA:174,23,1,6
BRDA:174,24,0,7
BRDA:174,24,1,2
BRDA:174,24,2,2
BRDA:210,25,0,0
BRDA:210,25,1,0
BRDA:231,26,0,0
BRDA:231,26,1,0
BRF:57
BRH:47
end_of_record
TN:
SF:app\services\auth.ts
FN:19,(anonymous_1)
FN:30,(anonymous_2)
FN:61,(anonymous_3)
FN:102,(anonymous_4)
FN:117,(anonymous_5)
FN:147,(anonymous_6)
FN:175,(anonymous_7)
FN:184,(anonymous_8)
FN:191,(anonymous_9)
FN:199,(anonymous_10)
FN:215,(anonymous_11)
FN:246,(anonymous_12)
FN:267,(anonymous_13)
FN:295,(anonymous_14)
FN:319,(anonymous_15)
FN:342,(anonymous_16)
FNF:16
FNH:11
FNDA:5,(anonymous_1)
FNDA:0,(anonymous_2)
FNDA:4,(anonymous_3)
FNDA:9,(anonymous_4)
FNDA:3,(anonymous_5)
FNDA:0,(anonymous_6)
FNDA:4,(anonymous_7)
FNDA:20,(anonymous_8)
FNDA:4,(anonymous_9)
FNDA:2,(anonymous_10)
FNDA:0,(anonymous_11)
FNDA:2,(anonymous_12)
FNDA:0,(anonymous_13)
FNDA:2,(anonymous_14)
FNDA:0,(anonymous_15)
FNDA:3,(anonymous_16)
DA:9,2
DA:12,2
DA:13,2
DA:15,34
DA:20,5
DA:21,5
DA:29,4
DA:30,2
DA:31,2
DA:34,2
DA:37,2
DA:38,2
DA:40,2
DA:41,2
DA:44,2
DA:50,3
DA:62,4
DA:63,4
DA:65,4
DA:67,3
DA:68,3
DA:77,1
DA:82,4
DA:83,4
DA:85,4
DA:91,0
DA:103,9
DA:104,9
DA:105,9
DA:107,6
DA:109,1
DA:110,1
DA:118,3
DA:119,3
DA:120,3
DA:121,1
DA:128,2
DA:136,2
DA:137,1
DA:139,1
DA:140,1
DA:147,0
DA:148,0
DA:151,1
DA:154,1
DA:155,1
DA:158,1
DA:164,0
DA:176,4
DA:177,4
DA:178,4
DA:185,20
DA:192,4
DA:193,4
DA:205,2
DA:206,2
DA:214,2
DA:215,1
DA:216,1
DA:219,1
DA:222,1
DA:223,1
DA:225,1
DA:226,1
DA:229,1
DA:235,1
DA:247,2
DA:248,2
DA:249,2
DA:250,1
DA:257,1
DA:266,1
DA:267,0
DA:268,0
DA:271,1
DA:274,1
DA:275,1
DA:278,1
DA:284,0
DA:299,2
DA:300,2
DA:301,2
DA:302,1
DA:309,1
DA:318,1
DA:319,0
DA:320,0
DA:323,1
DA:325,1
DA:331,0
DA:343,3
DA:344,3
DA:345,3
DA:346,1
DA:353,2
DA:361,2
DA:362,1
DA:363,1
DA:370,1
DA:373,1
DA:374,1
DA:377,1
DA:383,0
DA:384,0
LF:104
LH:92
BRDA:9,0,0,2
BRDA:9,0,1,2
BRDA:29,1,0,2
BRDA:29,1,1,2
BRDA:31,2,0,2
BRDA:31,2,1,0
BRDA:37,3,0,2
BRDA:37,3,1,0
BRDA:40,4,0,2
BRDA:40,4,1,0
BRDA:53,5,0,3
BRDA:53,5,1,0
BRDA:65,6,0,3
BRDA:65,6,1,1
BRDA:94,7,0,0
BRDA:94,7,1,0
BRDA:105,8,0,3
BRDA:105,8,1,6
BRDA:120,9,0,1
BRDA:120,9,1,2
BRDA:136,10,0,1
BRDA:136,10,1,1
BRDA:137,11,0,1
BRDA:137,11,1,0
BRDA:148,12,0,0
BRDA:148,12,1,0
BRDA:154,13,0,1
BRDA:154,13,1,0
BRDA:159,14,0,1
BRDA:159,14,1,0
BRDA:167,15,0,0
BRDA:167,15,1,0
BRDA:178,16,0,4
BRDA:178,16,1,3
BRDA:214,17,0,1
BRDA:214,17,1,1
BRDA:216,18,0,1
BRDA:216,18,1,0
BRDA:222,19,0,1
BRDA:222,19,1,0
BRDA:225,20,0,1
BRDA:225,20,1,0
BRDA:238,21,0,1
BRDA:238,21,1,0
BRDA:249,22,0,1
BRDA:249,22,1,1
BRDA:266,23,0,0
BRDA:266,23,1,1
BRDA:268,24,0,0
BRDA:268,24,1,0
BRDA:274,25,0,1
BRDA:274,25,1,0
BRDA:279,26,0,1
BRDA:279,26,1,0
BRDA:287,27,0,0
BRDA:287,27,1,0
BRDA:301,28,0,1
BRDA:301,28,1,1
BRDA:318,29,0,0
BRDA:318,29,1,1
BRDA:320,30,0,0
BRDA:320,30,1,0
BRDA:334,31,0,0
BRDA:334,31,1,0
BRDA:345,32,0,1
BRDA:345,32,1,2
BRDA:361,33,0,1
BRDA:361,33,1,1
BRDA:373,34,0,1
BRDA:373,34,1,0
BRDA:387,35,0,0
BRDA:387,35,1,0
BRF:72
BRH:40
end_of_record
TN:
SF:app\services\reports.ts
FN:47,(anonymous_1)
FN:59,(anonymous_2)
FN:81,(anonymous_3)
FN:92,(anonymous_4)
FN:114,(anonymous_5)
FN:124,(anonymous_6)
FN:146,(anonymous_7)
FN:168,(anonymous_8)
FN:202,(anonymous_9)
FN:213,(anonymous_10)
FN:235,(anonymous_11)
FN:246,(anonymous_12)
FN:268,(anonymous_13)
FN:279,(anonymous_14)
FN:301,(anonymous_15)
FN:313,(anonymous_16)
FN:335,(anonymous_17)
FN:342,(anonymous_18)
FN:356,(anonymous_19)
FN:373,(anonymous_20)
FNF:20
FNH:7
FNDA:5,(anonymous_1)
FNDA:0,(anonymous_2)
FNDA:3,(anonymous_3)
FNDA:0,(anonymous_4)
FNDA:3,(anonymous_5)
FNDA:0,(anonymous_6)
FNDA:4,(anonymous_7)
FNDA:0,(anonymous_8)
FNDA:3,(anonymous_9)
FNDA:0,(anonymous_10)
FNDA:3,(anonymous_11)
FNDA:0,(anonymous_12)
FNDA:0,(anonymous_13)
FNDA:0,(anonymous_14)
FNDA:0,(anonymous_15)
FNDA:0,(anonymous_16)
FNDA:21,(anonymous_17)
FNDA:0,(anonymous_18)
FNDA:0,(anonymous_19)
FNDA:0,(anonymous_20)
DA:9,2
DA:43,30
DA:48,5
DA:49,5
DA:58,4
DA:59,2
DA:60,2
DA:63,2
DA:64,2
DA:70,3
DA:82,3
DA:83,3
DA:91,3
DA:92,1
DA:93,1
DA:96,2
DA:97,2
DA:103,1
DA:115,3
DA:116,3
DA:123,3
DA:124,1
DA:125,1
DA:128,2
DA:129,2
DA:135,1
DA:152,4
DA:153,4
DA:154,4
DA:155,4
DA:156,4
DA:157,4
DA:159,4
DA:167,4
DA:168,1
DA:169,1
DA:172,3
DA:173,3
DA:185,1
DA:203,3
DA:204,3
DA:212,3
DA:213,1
DA:214,1
DA:217,2
DA:218,2
DA:224,1
DA:236,3
DA:237,3
DA:245,3
DA:246,1
DA:247,1
DA:250,2
DA:251,2
DA:257,1
DA:269,0
DA:270,0
DA:278,0
DA:279,0
DA:280,0
DA:283,0
DA:284,0
DA:290,0
DA:302,0
DA:303,0
DA:312,0
DA:313,0
DA:314,0
DA:317,0
DA:318,0
DA:324,0
DA:336,21
DA:343,0
DA:344,0
DA:345,0
DA:346,0
DA:347,0
DA:348,0
DA:349,0
DA:350,0
DA:363,0
DA:364,0
DA:372,0
DA:373,0
DA:374,0
DA:377,0
DA:378,0
DA:384,0
LF:88
LH:56
BRDA:9,0,0,2
BRDA:9,0,1,2
BRDA:58,1,0,2
BRDA:58,1,1,2
BRDA:60,2,0,2
BRDA:60,2,1,0
BRDA:73,3,0,3
BRDA:73,3,1,0
BRDA:91,4,0,1
BRDA:91,4,1,2
BRDA:93,5,0,1
BRDA:93,5,1,0
BRDA:106,6,0,1
BRDA:106,6,1,0
BRDA:123,7,0,1
BRDA:123,7,1,2
BRDA:125,8,0,1
BRDA:125,8,1,0
BRDA:138,9,0,1
BRDA:138,9,1,0
BRDA:154,10,0,1
BRDA:154,10,1,3
BRDA:155,11,0,0
BRDA:155,11,1,4
BRDA:156,12,0,0
BRDA:156,12,1,4
BRDA:157,13,0,0
BRDA:157,13,1,4
BRDA:167,14,0,1
BRDA:167,14,1,3
BRDA:169,15,0,1
BRDA:169,15,1,0
BRDA:174,16,0,3
BRDA:174,16,1,3
BRDA:177,17,0,3
BRDA:177,17,1,3
BRDA:188,18,0,1
BRDA:188,18,1,0
BRDA:212,19,0,1
BRDA:212,19,1,2
BRDA:214,20,0,1
BRDA:214,20,1,0
BRDA:227,21,0,1
BRDA:227,21,1,0
BRDA:245,22,0,1
BRDA:245,22,1,2
BRDA:247,23,0,1
BRDA:247,23,1,0
BRDA:260,24,0,1
BRDA:260,24,1,0
BRDA:278,25,0,0
BRDA:278,25,1,0
BRDA:280,26,0,0
BRDA:280,26,1,0
BRDA:293,27,0,0
BRDA:293,27,1,0
BRDA:312,28,0,0
BRDA:312,28,1,0
BRDA:314,29,0,0
BRDA:314,29,1,0
BRDA:327,30,0,0
BRDA:327,30,1,0
BRDA:336,31,0,21
BRDA:336,31,1,14
BRDA:372,32,0,0
BRDA:372,32,1,0
BRDA:374,33,0,0
BRDA:374,33,1,0
BRDA:392,34,0,0
BRDA:392,34,1,0
BRF:70
BRH:37
end_of_record
TN:
SF:app\state\analysisStore.ts
FN:84,(anonymous_1)
FN:99,(anonymous_2)
FN:101,(anonymous_3)
FN:101,(anonymous_4)
FN:105,(anonymous_5)
FN:107,(anonymous_6)
FN:109,(anonymous_7)
FN:111,(anonymous_8)
FN:113,(anonymous_9)
FN:115,(anonymous_10)
FN:117,(anonymous_11)
FN:119,(anonymous_12)
FN:122,(anonymous_13)
FN:179,(anonymous_14)
FN:197,(anonymous_15)
FN:205,(anonymous_16)
FN:225,(anonymous_17)
FN:240,(anonymous_18)
FN:264,(anonymous_19)
FN:285,(anonymous_20)
FN:305,(anonymous_21)
FN:317,(anonymous_22)
FN:319,(anonymous_23)
FN:322,(anonymous_24)
FN:327,(anonymous_25)
FN:332,(anonymous_26)
FN:335,(anonymous_27)
FN:336,(anonymous_28)
FN:338,(anonymous_29)
FN:339,(anonymous_30)
FN:345,(anonymous_31)
FNF:31
FNH:27
FNDA:2,(anonymous_1)
FNDA:6,(anonymous_2)
FNDA:21,(anonymous_3)
FNDA:21,(anonymous_4)
FNDA:6,(anonymous_5)
FNDA:5,(anonymous_6)
FNDA:4,(anonymous_7)
FNDA:3,(anonymous_8)
FNDA:3,(anonymous_9)
FNDA:2,(anonymous_10)
FNDA:0,(anonymous_11)
FNDA:3,(anonymous_12)
FNDA:3,(anonymous_13)
FNDA:0,(anonymous_14)
FNDA:0,(anonymous_15)
FNDA:0,(anonymous_16)
FNDA:1,(anonymous_17)
FNDA:1,(anonymous_18)
FNDA:1,(anonymous_19)
FNDA:76,(anonymous_20)
FNDA:2,(anonymous_21)
FNDA:1,(anonymous_22)
FNDA:1,(anonymous_23)
FNDA:1,(anonymous_24)
FNDA:2,(anonymous_25)
FNDA:3,(anonymous_26)
FNDA:38,(anonymous_27)
FNDA:38,(anonymous_28)
FNDA:36,(anonymous_29)
FNDA:36,(anonymous_30)
FNDA:33,(anonymous_31)
DA:1,2
DA:2,2
DA:3,2
DA:82,161
DA:84,2
DA:99,6
DA:101,21
DA:105,6
DA:107,5
DA:109,4
DA:111,3
DA:113,3
DA:115,2
DA:117,0
DA:119,3
DA:124,3
DA:125,3
DA:127,3
DA:128,1
DA:129,1
DA:137,1
DA:140,2
DA:149,2
DA:151,2
DA:153,2
DA:154,1
DA:157,1
DA:158,1
DA:165,1
DA:174,1
DA:177,1
DA:180,0
DA:181,0
DA:182,0
DA:183,0
DA:184,0
DA:185,0
DA:186,0
DA:187,0
DA:194,0
DA:198,0
DA:199,0
DA:206,0
DA:211,1
DA:214,1
DA:226,1
DA:227,1
DA:228,0
DA:241,1
DA:242,1
DA:243,0
DA:251,0
DA:260,0
DA:265,1
DA:266,1
DA:267,0
DA:273,0
DA:281,0
DA:287,76
DA:288,76
DA:289,0
DA:292,76
DA:306,2
DA:307,2
DA:308,0
DA:312,0
DA:318,1
DA:319,1
DA:323,1
DA:324,1
DA:328,2
DA:329,2
DA:333,3
DA:334,3
DA:335,38
DA:336,38
DA:337,3
DA:338,36
DA:339,36
DA:341,3
DA:345,33
LF:81
LH:58
BRDA:127,0,0,1
BRDA:127,0,1,2
BRDA:127,1,0,3
BRDA:127,1,1,2
BRDA:153,2,0,1
BRDA:153,2,1,1
BRDA:154,3,0,1
BRDA:154,3,1,0
BRDA:182,4,0,0
BRDA:182,4,1,0
BRDA:184,5,0,0
BRDA:184,5,1,0
BRDA:186,6,0,0
BRDA:186,6,1,0
BRDA:216,7,0,1
BRDA:216,7,1,0
BRDA:227,8,0,0
BRDA:227,8,1,1
BRDA:242,9,0,0
BRDA:242,9,1,1
BRDA:266,10,0,0
BRDA:266,10,1,1
BRDA:288,11,0,0
BRDA:288,11,1,76
BRDA:307,12,0,0
BRDA:307,12,1,2
BRDA:307,13,0,2
BRDA:307,13,1,0
BRDA:322,14,0,0
BRDA:345,15,0,3
BRDA:345,15,1,0
BRF:31
BRH:15
end_of_record
TN:
SF:app\state\clusterStore.ts
FN:111,(anonymous_1)
FN:126,(anonymous_2)
FN:131,(anonymous_3)
FN:133,(anonymous_4)
FN:135,(anonymous_5)
FN:137,(anonymous_6)
FN:140,(anonymous_7)
FN:140,(anonymous_8)
FN:145,(anonymous_9)
FN:150,(anonymous_10)
FN:152,(anonymous_11)
FN:158,(anonymous_12)
FN:160,(anonymous_13)
FN:165,(anonymous_14)
FN:172,(anonymous_15)
FN:217,(anonymous_16)
FN:219,(anonymous_17)
FN:223,(anonymous_18)
FN:225,(anonymous_19)
FN:228,(anonymous_20)
FN:235,(anonymous_21)
FN:238,(anonymous_22)
FN:244,(anonymous_23)
FN:250,(anonymous_24)
FN:257,(anonymous_25)
FN:263,(anonymous_26)
FN:264,(anonymous_27)
FN:271,(anonymous_28)
FN:297,(anonymous_29)
FN:305,(anonymous_30)
FN:310,(anonymous_31)
FN:312,(anonymous_32)
FN:315,(anonymous_33)
FN:317,(anonymous_34)
FN:320,(anonymous_35)
FN:322,(anonymous_36)
FN:325,(anonymous_37)
FN:327,(anonymous_38)
FN:332,(anonymous_39)
FN:335,(anonymous_40)
FN:338,(anonymous_41)
FN:338,(anonymous_42)
FN:339,(anonymous_43)
FN:344,(anonymous_44)
FN:349,(anonymous_45)
FN:351,(anonymous_46)
FN:354,(anonymous_47)
FN:356,(anonymous_48)
FN:359,(anonymous_49)
FN:361,(anonymous_50)
FN:365,(anonymous_51)
FN:374,(anonymous_52)
FNF:52
FNH:40
FNDA:2,(anonymous_1)
FNDA:25,(anonymous_2)
FNDA:4,(anonymous_3)
FNDA:5,(anonymous_4)
FNDA:4,(anonymous_5)
FNDA:2,(anonymous_6)
FNDA:7,(anonymous_7)
FNDA:7,(anonymous_8)
FNDA:1,(anonymous_9)
FNDA:5,(anonymous_10)
FNDA:1,(anonymous_11)
FNDA:1,(anonymous_12)
FNDA:1,(anonymous_13)
FNDA:3,(anonymous_14)
FNDA:1,(anonymous_15)
FNDA:0,(anonymous_16)
FNDA:0,(anonymous_17)
FNDA:0,(anonymous_18)
FNDA:0,(anonymous_19)
FNDA:12,(anonymous_20)
FNDA:0,(anonymous_21)
FNDA:0,(anonymous_22)
FNDA:0,(anonymous_23)
FNDA:102,(anonymous_24)
FNDA:0,(anonymous_25)
FNDA:0,(anonymous_26)
FNDA:0,(anonymous_27)
FNDA:0,(anonymous_28)
FNDA:3,(anonymous_29)
FNDA:4,(anonymous_30)
FNDA:1,(anonymous_31)
FNDA:1,(anonymous_32)
FNDA:1,(anonymous_33)
FNDA:2,(anonymous_34)
FNDA:1,(anonymous_35)
FNDA:2,(anonymous_36)
FNDA:1,(anonymous_37)
FNDA:2,(anonymous_38)
FNDA:2,(anonymous_39)
FNDA:5,(anonymous_40)
FNDA:5,(anonymous_41)
FNDA:5,(anonymous_42)
FNDA:5,(anonymous_43)
FNDA:5,(anonymous_44)
FNDA:1,(anonymous_45)
FNDA:3,(anonymous_46)
FNDA:1,(anonymous_47)
FNDA:2,(anonymous_48)
FNDA:1,(anonymous_49)
FNDA:2,(anonymous_50)
FNDA:0,(anonymous_51)
FNDA:79,(anonymous_52)
DA:1,2
DA:2,2
DA:109,184
DA:111,2
DA:126,25
DA:131,4
DA:133,5
DA:135,4
DA:137,2
DA:140,7
DA:145,1
DA:150,5
DA:152,1
DA:158,1
DA:160,1
DA:165,3
DA:173,1
DA:174,1
DA:177,1
DA:204,1
DA:210,0
DA:218,0
DA:219,0
DA:220,0
DA:224,0
DA:225,0
DA:229,12
DA:230,12
DA:233,12
DA:234,0
DA:235,0
DA:236,0
DA:238,0
DA:243,12
DA:244,0
DA:245,0
DA:249,12
DA:250,12
DA:251,102
DA:255,12
DA:256,0
DA:257,0
DA:258,0
DA:262,12
DA:263,0
DA:264,0
DA:265,0
DA:271,12
DA:272,0
DA:273,0
DA:274,0
DA:276,0
DA:277,0
DA:278,0
DA:279,0
DA:282,0
DA:283,0
DA:284,0
DA:287,0
DA:288,0
DA:290,0
DA:294,12
DA:298,3
DA:299,3
DA:300,3
DA:301,3
DA:302,3
DA:306,4
DA:311,1
DA:312,1
DA:316,1
DA:317,2
DA:321,1
DA:322,2
DA:326,1
DA:327,1
DA:328,2
DA:333,2
DA:334,2
DA:335,2
DA:336,5
DA:338,5
DA:339,5
DA:341,2
DA:344,5
DA:350,1
DA:351,3
DA:355,1
DA:356,2
DA:360,1
DA:361,2
DA:366,0
DA:367,0
DA:369,0
DA:370,0
DA:374,79
LF:96
LH:61
BRDA:211,0,0,0
BRDA:211,0,1,0
BRDA:220,1,0,0
BRDA:220,1,1,0
BRDA:233,2,0,0
BRDA:233,2,1,12
BRDA:236,3,0,0
BRDA:236,3,1,0
BRDA:236,3,2,0
BRDA:243,4,0,0
BRDA:243,4,1,12
BRDA:249,5,0,12
BRDA:249,5,1,0
BRDA:255,6,0,0
BRDA:255,6,1,12
BRDA:258,7,0,0
BRDA:258,7,1,0
BRDA:262,8,0,0
BRDA:262,8,1,12
BRDA:276,9,0,0
BRDA:276,9,1,0
BRDA:282,10,0,0
BRDA:282,10,1,0
BRDA:287,11,0,0
BRDA:287,11,1,0
BRDA:288,12,0,0
BRDA:288,12,1,0
BRDA:290,13,0,0
BRDA:290,13,1,0
BRDA:328,14,0,2
BRDA:328,14,1,1
BRDA:336,15,0,5
BRDA:336,15,1,4
BRDA:344,16,0,2
BRDA:344,16,1,0
BRDA:361,17,0,2
BRDA:361,17,1,2
BRDA:366,18,0,0
BRDA:366,18,1,0
BRDA:369,19,0,0
BRDA:369,19,1,0
BRF:41
BRH:12
end_of_record
TN:
SF:app\state\uiStore.ts
FN:180,(anonymous_1)
FN:207,(anonymous_2)
FN:209,(anonymous_3)
FN:209,(anonymous_4)
FN:211,(anonymous_5)
FN:213,(anonymous_6)
FN:215,(anonymous_7)
FN:218,(anonymous_8)
FN:224,(anonymous_9)
FN:230,(anonymous_10)
FN:237,(anonymous_11)
FN:239,(anonymous_12)
FN:239,(anonymous_13)
FN:244,(anonymous_14)
FN:244,(anonymous_15)
FN:248,(anonymous_16)
FN:251,(anonymous_17)
FN:260,(anonymous_18)
FN:266,(anonymous_19)
FN:266,(anonymous_20)
FN:267,(anonymous_21)
FN:270,(anonymous_22)
FN:275,(anonymous_23)
FN:275,(anonymous_24)
FN:276,(anonymous_25)
FN:279,(anonymous_26)
FN:288,(anonymous_27)
FN:288,(anonymous_28)
FN:289,(anonymous_29)
FN:293,(anonymous_30)
FN:296,(anonymous_31)
FN:300,(anonymous_32)
FN:307,(anonymous_33)
FN:307,(anonymous_34)
FN:308,(anonymous_35)
FN:311,(anonymous_36)
FN:314,(anonymous_37)
FN:318,(anonymous_38)
FN:324,(anonymous_39)
FN:332,(anonymous_40)
FN:332,(anonymous_41)
FN:333,(anonymous_42)
FN:336,(anonymous_43)
FN:339,(anonymous_44)
FN:341,(anonymous_45)
FN:341,(anonymous_46)
FN:345,(anonymous_47)
FN:350,(anonymous_48)
FN:354,(anonymous_49)
FN:356,(anonymous_50)
FN:356,(anonymous_51)
FN:360,(anonymous_52)
FN:362,(anonymous_53)
FN:371,(anonymous_54)
FN:376,(anonymous_55)
FN:381,(anonymous_56)
FN:386,(anonymous_57)
FN:395,(anonymous_58)
FNF:58
FNH:15
FNDA:2,(anonymous_1)
FNDA:1,(anonymous_2)
FNDA:0,(anonymous_3)
FNDA:0,(anonymous_4)
FNDA:0,(anonymous_5)
FNDA:0,(anonymous_6)
FNDA:0,(anonymous_7)
FNDA:2,(anonymous_8)
FNDA:0,(anonymous_9)
FNDA:0,(anonymous_10)
FNDA:0,(anonymous_11)
FNDA:1,(anonymous_12)
FNDA:1,(anonymous_13)
FNDA:0,(anonymous_14)
FNDA:0,(anonymous_15)
FNDA:0,(anonymous_16)
FNDA:4,(anonymous_17)
FNDA:4,(anonymous_18)
FNDA:0,(anonymous_19)
FNDA:0,(anonymous_20)
FNDA:0,(anonymous_21)
FNDA:0,(anonymous_22)
FNDA:0,(anonymous_23)
FNDA:0,(anonymous_24)
FNDA:0,(anonymous_25)
FNDA:0,(anonymous_26)
FNDA:0,(anonymous_27)
FNDA:0,(anonymous_28)
FNDA:0,(anonymous_29)
FNDA:0,(anonymous_30)
FNDA:2,(anonymous_31)
FNDA:2,(anonymous_32)
FNDA:0,(anonymous_33)
FNDA:0,(anonymous_34)
FNDA:0,(anonymous_35)
FNDA:0,(anonymous_36)
FNDA:0,(anonymous_37)
FNDA:0,(anonymous_38)
FNDA:0,(anonymous_39)
FNDA:0,(anonymous_40)
FNDA:0,(anonymous_41)
FNDA:0,(anonymous_42)
FNDA:0,(anonymous_43)
FNDA:0,(anonymous_44)
FNDA:2,(anonymous_45)
FNDA:2,(anonymous_46)
FNDA:2,(anonymous_47)
FNDA:0,(anonymous_48)
FNDA:0,(anonymous_49)
FNDA:3,(anonymous_50)
FNDA:3,(anonymous_51)
FNDA:0,(anonymous_52)
FNDA:0,(anonymous_53)
FNDA:0,(anonymous_54)
FNDA:0,(anonymous_55)
FNDA:0,(anonymous_56)
FNDA:0,(anonymous_57)
FNDA:15,(anonymous_58)
DA:1,2
DA:2,2
DA:158,2
DA:177,71
DA:180,2
DA:207,1
DA:209,0
DA:211,0
DA:213,0
DA:215,0
DA:219,2
DA:220,2
DA:221,2
DA:225,0
DA:226,0
DA:227,0
DA:231,0
DA:232,0
DA:233,0
DA:237,0
DA:239,1
DA:244,0
DA:248,0
DA:252,4
DA:253,4
DA:260,4
DA:266,0
DA:267,0
DA:268,0
DA:269,0
DA:270,0
DA:275,0
DA:276,0
DA:277,0
DA:278,0
DA:280,0
DA:285,0
DA:288,0
DA:289,0
DA:293,0
DA:297,2
DA:298,2
DA:300,2
DA:304,2
DA:307,0
DA:308,0
DA:311,0
DA:315,0
DA:316,0
DA:318,0
DA:323,0
DA:324,0
DA:325,0
DA:329,0
DA:332,0
DA:333,0
DA:336,0
DA:339,0
DA:341,2
DA:346,2
DA:347,2
DA:348,2
DA:350,0
DA:354,0
DA:356,3
DA:361,0
DA:362,0
DA:366,0
DA:372,0
DA:373,0
DA:377,0
DA:378,0
DA:382,0
DA:383,0
DA:387,0
DA:388,0
DA:389,0
DA:390,0
DA:395,15
LF:79
LH:23
BRDA:190,0,0,2
BRDA:190,0,1,0
BRDA:191,1,0,2
BRDA:191,1,1,0
BRDA:220,2,0,0
BRDA:220,2,1,2
BRDA:226,3,0,0
BRDA:226,3,1,0
BRDA:232,4,0,0
BRDA:232,4,1,0
BRDA:268,5,0,0
BRDA:268,5,1,0
BRDA:271,6,0,0
BRDA:271,6,1,0
BRDA:277,7,0,0
BRDA:277,7,1,0
BRDA:277,8,0,0
BRDA:277,8,1,0
BRDA:280,9,0,0
BRDA:280,9,1,0
BRDA:323,10,0,0
BRDA:323,10,1,0
BRDA:347,11,0,2
BRDA:347,11,1,0
BRDA:348,12,0,2
BRDA:348,12,1,1
BRDA:350,13,0,0
BRDA:350,13,1,0
BRDA:361,14,0,0
BRDA:361,14,1,0
BRDA:388,15,0,0
BRDA:388,15,1,0
BRDA:389,16,0,0
BRDA:389,16,1,0
BRF:34
BRH:6
end_of_record
